2022-08-18 17:24:56,636 - instagram_scraper.app - WARNING - User johannahmontes.dc is private
2022-08-18 17:25:29,603 - instagram_scraper.app - WARNING - No Content-Length in response, the file 133899285_179163863913990_6322177948621056128_n.jpg may be partially downloaded
2022-08-18 17:25:29,882 - instagram_scraper.app - WARNING - No Content-Length in response, the file 66859097_2460516204224505_7854683054668752978_n.jpg may be partially downloaded
2022-08-18 17:25:30,353 - instagram_scraper.app - WARNING - No Content-Length in response, the file 132432362_434492417720304_8557932459714052501_n.jpg may be partially downloaded
2022-08-18 17:25:30,504 - instagram_scraper.app - WARNING - No Content-Length in response, the file 119885660_138679591284562_1178488544251534512_n.jpg may be partially downloaded
2022-08-18 17:25:30,999 - instagram_scraper.app - WARNING - No Content-Length in response, the file 85021700_627882358007832_4661066700394452515_n.jpg may be partially downloaded
2022-08-18 17:25:31,032 - instagram_scraper.app - WARNING - No Content-Length in response, the file 82958305_1051074025242923_4829853644401765705_n.jpg may be partially downloaded
2022-08-18 17:25:31,040 - instagram_scraper.app - WARNING - No Content-Length in response, the file 119897947_161725048920283_1131750944582655277_n.jpg may be partially downloaded
2022-08-18 17:25:31,475 - instagram_scraper.app - WARNING - No Content-Length in response, the file 80847132_163302795025352_3298786729532211672_n.jpg may be partially downloaded
2022-08-18 17:25:31,530 - instagram_scraper.app - WARNING - No Content-Length in response, the file 80362194_472563053653752_4862644005678320517_n.jpg may be partially downloaded
2022-08-18 17:25:31,575 - instagram_scraper.app - WARNING - No Content-Length in response, the file 81220712_164710444882742_9004275880420171110_n.jpg may be partially downloaded
2022-08-18 17:25:31,609 - instagram_scraper.app - WARNING - No Content-Length in response, the file 81343108_250715982568821_1230440824429204951_n.jpg may be partially downloaded
2022-08-18 17:25:32,000 - instagram_scraper.app - WARNING - No Content-Length in response, the file 75412651_591843758253369_5312519626035717518_n.jpg may be partially downloaded
2022-08-18 17:25:32,817 - instagram_scraper.app - WARNING - No Content-Length in response, the file 69279943_2926157390732422_5623793288061236465_n.jpg may be partially downloaded
2022-08-18 17:25:32,919 - instagram_scraper.app - WARNING - Retry after exception HTTPError('400 Client Error: Bad Request for url: https://i.instagram.com/api/v1/media/1781873377925937363/info/') on https://i.instagram.com/api/v1/media/1781873377925937363/info/
2022-08-18 17:25:33,590 - instagram_scraper.app - WARNING - No Content-Length in response, the file 67827891_128045925170703_1435503695102391530_n.jpg may be partially downloaded
2022-08-18 17:25:34,053 - instagram_scraper.app - WARNING - No Content-Length in response, the file 58986780_819266695123496_6156180506204857104_n.jpg may be partially downloaded
2022-08-18 17:25:34,453 - instagram_scraper.app - WARNING - No Content-Length in response, the file 58453912_2226147424361987_3018272179390262364_n.jpg may be partially downloaded
2022-08-18 17:25:35,922 - instagram_scraper.app - WARNING - No Content-Length in response, the file 45373632_2052762891485018_2008251585469085476_n.jpg may be partially downloaded
2022-08-18 17:25:37,057 - instagram_scraper.app - WARNING - Retry after exception HTTPError('500 Server Error: Internal Server Error for url: https://instagram.fmnl30-3.fna.fbcdn.net/v/t72.14836-16/40679751_123815615444228_9064913479926200102_n.mp4?efg=eyJ2ZW5jb2RlX3RhZyI6InZ0c192b2RfdXJsZ2VuLjcyMC5zdG9yeS5kZWZhdWx0In0&_nc_ht=instagram.fmnl30-3.fna.fbcdn.net&_nc_cat=108&_nc_ohc=_cqf7bfFuAsAX8uBeyE&edm=AHlfZHwBAAAA&vs=18045415429068827_604188222&_nc_vs=HBksFQAYJEdFZTViQUlFdGNZUm5IQUFBQ2EzcGpMSUNzMTlidlE1QUFBRhUAAsgBABUAGCRHRVlnVkFNRTJUS2otbW9DQUd6dWIxdTFFZWhaYnBrd0FBQUYVAgLIAQAoABgAGwGIB3VzZV9vaWwBMRUAACbEqayowKTaPxUCKAJDMywXQAoUeuFHrhQYEmRhc2hfYmFzZWxpbmVfMV92MREAdegHAA%3D%3D&ccb=7-5&oe=63001341&oh=00_AT8hKIaULsV3x-F5xkvVeHxu5Ms70WRNacVV1xmSGLkHFg&_nc_sid=21929d') on https://instagram.fmnl30-3.fna.fbcdn.net/v/t72.14836-16/40679751_123815615444228_9064913479926200102_n.mp4?efg=eyJ2ZW5jb2RlX3RhZyI6InZ0c192b2RfdXJsZ2VuLjcyMC5zdG9yeS5kZWZhdWx0In0&_nc_ht=instagram.fmnl30-3.fna.fbcdn.net&_nc_cat=108&_nc_ohc=_cqf7bfFuAsAX8uBeyE&edm=AHlfZHwBAAAA&vs=18045415429068827_604188222&_nc_vs=HBksFQAYJEdFZTViQUlFdGNZUm5IQUFBQ2EzcGpMSUNzMTlidlE1QUFBRhUAAsgBABUAGCRHRVlnVkFNRTJUS2otbW9DQUd6dWIxdTFFZWhaYnBrd0FBQUYVAgLIAQAoABgAGwGIB3VzZV9vaWwBMRUAACbEqayowKTaPxUCKAJDMywXQAoUeuFHrhQYEmRhc2hfYmFzZWxpbmVfMV92MREAdegHAA%3D%3D&ccb=7-5&oe=63001341&oh=00_AT8hKIaULsV3x-F5xkvVeHxu5Ms70WRNacVV1xmSGLkHFg&_nc_sid=21929d
2022-08-18 17:25:37,204 - instagram_scraper.app - WARNING - Retry after exception HTTPError('500 Server Error: Internal Server Error for url: https://instagram.fmnl30-3.fna.fbcdn.net/v/t72.14836-16/39744665_389497871834720_2310938854711832269_n.mp4?efg=eyJ2ZW5jb2RlX3RhZyI6InZ0c192b2RfdXJsZ2VuLjcyMC5zdG9yeS5kZWZhdWx0In0&_nc_ht=instagram.fmnl30-3.fna.fbcdn.net&_nc_cat=108&_nc_ohc=vfkVTL74t_oAX8w9rh7&edm=AHlfZHwBAAAA&vs=18020074534116536_750134803&_nc_vs=HBksFQAYJEdKbDBYZ0pnbmtvS1AySUJBTTB1di15a0doSWdidlE1QUFBRhUAAsgBABUAGCRHSkc5SkFNSTVZNHlWVE1CQUY0OXdmMm1QM1l2YnBrd0FBQUYVAgLIAQAoABgAGwGIB3VzZV9vaWwBMRUAACbgsoH0uLuCQBUCKAJDMywXQCCeuFHrhR8YEmRhc2hfYmFzZWxpbmVfMV92MREAdegHAA%3D%3D&ccb=7-5&oe=63001478&oh=00_AT94csoD9sEkqeWkl1ES2WuoP7_ayCu34E6b6GtWWDHXsQ&_nc_sid=21929d') on https://instagram.fmnl30-3.fna.fbcdn.net/v/t72.14836-16/39744665_389497871834720_2310938854711832269_n.mp4?efg=eyJ2ZW5jb2RlX3RhZyI6InZ0c192b2RfdXJsZ2VuLjcyMC5zdG9yeS5kZWZhdWx0In0&_nc_ht=instagram.fmnl30-3.fna.fbcdn.net&_nc_cat=108&_nc_ohc=vfkVTL74t_oAX8w9rh7&edm=AHlfZHwBAAAA&vs=18020074534116536_750134803&_nc_vs=HBksFQAYJEdKbDBYZ0pnbmtvS1AySUJBTTB1di15a0doSWdidlE1QUFBRhUAAsgBABUAGCRHSkc5SkFNSTVZNHlWVE1CQUY0OXdmMm1QM1l2YnBrd0FBQUYVAgLIAQAoABgAGwGIB3VzZV9vaWwBMRUAACbgsoH0uLuCQBUCKAJDMywXQCCeuFHrhR8YEmRhc2hfYmFzZWxpbmVfMV92MREAdegHAA%3D%3D&ccb=7-5&oe=63001478&oh=00_AT94csoD9sEkqeWkl1ES2WuoP7_ayCu34E6b6GtWWDHXsQ&_nc_sid=21929d
2022-08-18 17:25:37,700 - instagram_scraper.app - WARNING - Retry after exception HTTPError('500 Server Error: Internal Server Error for url: https://instagram.fmnl30-1.fna.fbcdn.net/v/t72.14836-16/27485499_733674420322938_6195448160640841678_n.mp4?efg=eyJ2ZW5jb2RlX3RhZyI6InZ0c192b2RfdXJsZ2VuLjY0MC5zdG9yeS5kZWZhdWx0In0&_nc_ht=instagram.fmnl30-1.fna.fbcdn.net&_nc_cat=106&_nc_ohc=PJKKXH0kVl8AX8Athdh&edm=AHlfZHwBAAAA&vs=17888246524286640_648457991&_nc_vs=HBksFQAYJEdEdGxvd0Y2UWpUalJac0NBTTQzV1BkR3AtcFZidlE1QUFBRhUAAsgBABUAGCRHRk8tYkFKdDVxWjVUQ2dJQU1HcEdDaVJpQjRNYnZRNUFBQUYVAgLIAQAoABgAGwGIB3VzZV9vaWwBMRUAACbQnLLjjJbcPxUCKAJDMywXQBuuFHrhR64YFGRhc2hfYmFzZWxpbmVfNjQwX3YxEQB16AcA&ccb=7-5&oe=63000544&oh=00_AT8O11Lb9dy0pS5OzTixNss11dRHrQO07Jmh_vlPpJAzOw&_nc_sid=21929d') on https://instagram.fmnl30-1.fna.fbcdn.net/v/t72.14836-16/27485499_733674420322938_6195448160640841678_n.mp4?efg=eyJ2ZW5jb2RlX3RhZyI6InZ0c192b2RfdXJsZ2VuLjY0MC5zdG9yeS5kZWZhdWx0In0&_nc_ht=instagram.fmnl30-1.fna.fbcdn.net&_nc_cat=106&_nc_ohc=PJKKXH0kVl8AX8Athdh&edm=AHlfZHwBAAAA&vs=17888246524286640_648457991&_nc_vs=HBksFQAYJEdEdGxvd0Y2UWpUalJac0NBTTQzV1BkR3AtcFZidlE1QUFBRhUAAsgBABUAGCRHRk8tYkFKdDVxWjVUQ2dJQU1HcEdDaVJpQjRNYnZRNUFBQUYVAgLIAQAoABgAGwGIB3VzZV9vaWwBMRUAACbQnLLjjJbcPxUCKAJDMywXQBuuFHrhR64YFGRhc2hfYmFzZWxpbmVfNjQwX3YxEQB16AcA&ccb=7-5&oe=63000544&oh=00_AT8O11Lb9dy0pS5OzTixNss11dRHrQO07Jmh_vlPpJAzOw&_nc_sid=21929d
2022-08-18 17:25:38,376 - instagram_scraper.app - WARNING - No Content-Length in response, the file 44918749_2258844967729593_9149736856198377785_n.jpg may be partially downloaded
2022-08-18 17:25:38,436 - instagram_scraper.app - WARNING - Retry after exception HTTPError('400 Client Error: Bad Request for url: https://i.instagram.com/api/v1/media/1781873377925937363/info/') on https://i.instagram.com/api/v1/media/1781873377925937363/info/
2022-08-18 17:25:38,726 - instagram_scraper.app - WARNING - No Content-Length in response, the file 45445553_275474846366281_220620975623600694_n.jpg may be partially downloaded
2022-08-18 17:25:39,736 - instagram_scraper.app - WARNING - No Content-Length in response, the file 44902042_339466256847729_8621617376948328614_n.jpg may be partially downloaded
2022-08-18 17:25:40,166 - instagram_scraper.app - WARNING - No Content-Length in response, the file 44788461_159047625055958_8608283056431548665_n.jpg may be partially downloaded
2022-08-18 17:25:42,120 - instagram_scraper.app - WARNING - Retry after exception HTTPError('500 Server Error: Internal Server Error for url: https://instagram.fmnl30-3.fna.fbcdn.net/v/t72.14836-16/40679751_123815615444228_9064913479926200102_n.mp4?efg=eyJ2ZW5jb2RlX3RhZyI6InZ0c192b2RfdXJsZ2VuLjcyMC5zdG9yeS5kZWZhdWx0In0&_nc_ht=instagram.fmnl30-3.fna.fbcdn.net&_nc_cat=108&_nc_ohc=_cqf7bfFuAsAX8uBeyE&edm=AHlfZHwBAAAA&vs=18045415429068827_604188222&_nc_vs=HBksFQAYJEdFZTViQUlFdGNZUm5IQUFBQ2EzcGpMSUNzMTlidlE1QUFBRhUAAsgBABUAGCRHRVlnVkFNRTJUS2otbW9DQUd6dWIxdTFFZWhaYnBrd0FBQUYVAgLIAQAoABgAGwGIB3VzZV9vaWwBMRUAACbEqayowKTaPxUCKAJDMywXQAoUeuFHrhQYEmRhc2hfYmFzZWxpbmVfMV92MREAdegHAA%3D%3D&ccb=7-5&oe=63001341&oh=00_AT8hKIaULsV3x-F5xkvVeHxu5Ms70WRNacVV1xmSGLkHFg&_nc_sid=21929d') on https://instagram.fmnl30-3.fna.fbcdn.net/v/t72.14836-16/40679751_123815615444228_9064913479926200102_n.mp4?efg=eyJ2ZW5jb2RlX3RhZyI6InZ0c192b2RfdXJsZ2VuLjcyMC5zdG9yeS5kZWZhdWx0In0&_nc_ht=instagram.fmnl30-3.fna.fbcdn.net&_nc_cat=108&_nc_ohc=_cqf7bfFuAsAX8uBeyE&edm=AHlfZHwBAAAA&vs=18045415429068827_604188222&_nc_vs=HBksFQAYJEdFZTViQUlFdGNZUm5IQUFBQ2EzcGpMSUNzMTlidlE1QUFBRhUAAsgBABUAGCRHRVlnVkFNRTJUS2otbW9DQUd6dWIxdTFFZWhaYnBrd0FBQUYVAgLIAQAoABgAGwGIB3VzZV9vaWwBMRUAACbEqayowKTaPxUCKAJDMywXQAoUeuFHrhQYEmRhc2hfYmFzZWxpbmVfMV92MREAdegHAA%3D%3D&ccb=7-5&oe=63001341&oh=00_AT8hKIaULsV3x-F5xkvVeHxu5Ms70WRNacVV1xmSGLkHFg&_nc_sid=21929d
2022-08-18 17:25:42,256 - instagram_scraper.app - WARNING - Retry after exception HTTPError('500 Server Error: Internal Server Error for url: https://instagram.fmnl30-3.fna.fbcdn.net/v/t72.14836-16/39744665_389497871834720_2310938854711832269_n.mp4?efg=eyJ2ZW5jb2RlX3RhZyI6InZ0c192b2RfdXJsZ2VuLjcyMC5zdG9yeS5kZWZhdWx0In0&_nc_ht=instagram.fmnl30-3.fna.fbcdn.net&_nc_cat=108&_nc_ohc=vfkVTL74t_oAX8w9rh7&edm=AHlfZHwBAAAA&vs=18020074534116536_750134803&_nc_vs=HBksFQAYJEdKbDBYZ0pnbmtvS1AySUJBTTB1di15a0doSWdidlE1QUFBRhUAAsgBABUAGCRHSkc5SkFNSTVZNHlWVE1CQUY0OXdmMm1QM1l2YnBrd0FBQUYVAgLIAQAoABgAGwGIB3VzZV9vaWwBMRUAACbgsoH0uLuCQBUCKAJDMywXQCCeuFHrhR8YEmRhc2hfYmFzZWxpbmVfMV92MREAdegHAA%3D%3D&ccb=7-5&oe=63001478&oh=00_AT94csoD9sEkqeWkl1ES2WuoP7_ayCu34E6b6GtWWDHXsQ&_nc_sid=21929d') on https://instagram.fmnl30-3.fna.fbcdn.net/v/t72.14836-16/39744665_389497871834720_2310938854711832269_n.mp4?efg=eyJ2ZW5jb2RlX3RhZyI6InZ0c192b2RfdXJsZ2VuLjcyMC5zdG9yeS5kZWZhdWx0In0&_nc_ht=instagram.fmnl30-3.fna.fbcdn.net&_nc_cat=108&_nc_ohc=vfkVTL74t_oAX8w9rh7&edm=AHlfZHwBAAAA&vs=18020074534116536_750134803&_nc_vs=HBksFQAYJEdKbDBYZ0pnbmtvS1AySUJBTTB1di15a0doSWdidlE1QUFBRhUAAsgBABUAGCRHSkc5SkFNSTVZNHlWVE1CQUY0OXdmMm1QM1l2YnBrd0FBQUYVAgLIAQAoABgAGwGIB3VzZV9vaWwBMRUAACbgsoH0uLuCQBUCKAJDMywXQCCeuFHrhR8YEmRhc2hfYmFzZWxpbmVfMV92MREAdegHAA%3D%3D&ccb=7-5&oe=63001478&oh=00_AT94csoD9sEkqeWkl1ES2WuoP7_ayCu34E6b6GtWWDHXsQ&_nc_sid=21929d
2022-08-18 17:25:42,756 - instagram_scraper.app - WARNING - Retry after exception HTTPError('500 Server Error: Internal Server Error for url: https://instagram.fmnl30-1.fna.fbcdn.net/v/t72.14836-16/27485499_733674420322938_6195448160640841678_n.mp4?efg=eyJ2ZW5jb2RlX3RhZyI6InZ0c192b2RfdXJsZ2VuLjY0MC5zdG9yeS5kZWZhdWx0In0&_nc_ht=instagram.fmnl30-1.fna.fbcdn.net&_nc_cat=106&_nc_ohc=PJKKXH0kVl8AX8Athdh&edm=AHlfZHwBAAAA&vs=17888246524286640_648457991&_nc_vs=HBksFQAYJEdEdGxvd0Y2UWpUalJac0NBTTQzV1BkR3AtcFZidlE1QUFBRhUAAsgBABUAGCRHRk8tYkFKdDVxWjVUQ2dJQU1HcEdDaVJpQjRNYnZRNUFBQUYVAgLIAQAoABgAGwGIB3VzZV9vaWwBMRUAACbQnLLjjJbcPxUCKAJDMywXQBuuFHrhR64YFGRhc2hfYmFzZWxpbmVfNjQwX3YxEQB16AcA&ccb=7-5&oe=63000544&oh=00_AT8O11Lb9dy0pS5OzTixNss11dRHrQO07Jmh_vlPpJAzOw&_nc_sid=21929d') on https://instagram.fmnl30-1.fna.fbcdn.net/v/t72.14836-16/27485499_733674420322938_6195448160640841678_n.mp4?efg=eyJ2ZW5jb2RlX3RhZyI6InZ0c192b2RfdXJsZ2VuLjY0MC5zdG9yeS5kZWZhdWx0In0&_nc_ht=instagram.fmnl30-1.fna.fbcdn.net&_nc_cat=106&_nc_ohc=PJKKXH0kVl8AX8Athdh&edm=AHlfZHwBAAAA&vs=17888246524286640_648457991&_nc_vs=HBksFQAYJEdEdGxvd0Y2UWpUalJac0NBTTQzV1BkR3AtcFZidlE1QUFBRhUAAsgBABUAGCRHRk8tYkFKdDVxWjVUQ2dJQU1HcEdDaVJpQjRNYnZRNUFBQUYVAgLIAQAoABgAGwGIB3VzZV9vaWwBMRUAACbQnLLjjJbcPxUCKAJDMywXQBuuFHrhR64YFGRhc2hfYmFzZWxpbmVfNjQwX3YxEQB16AcA&ccb=7-5&oe=63000544&oh=00_AT8O11Lb9dy0pS5OzTixNss11dRHrQO07Jmh_vlPpJAzOw&_nc_sid=21929d
2022-08-18 17:25:48,096 - instagram_scraper.app - WARNING - No Content-Length in response, the file 148252787_112300670849066_7599567147771949146_n.jpg may be partially downloaded
2022-08-18 17:25:48,426 - instagram_scraper.app - WARNING - No Content-Length in response, the file 147665969_467701154612501_9138898037046785405_n.jpg may be partially downloaded
2022-08-18 17:25:48,816 - instagram_scraper.app - WARNING - Retry after exception HTTPError('400 Client Error: Bad Request for url: https://i.instagram.com/api/v1/media/1781873377925937363/info/') on https://i.instagram.com/api/v1/media/1781873377925937363/info/
2022-08-18 17:25:48,823 - instagram_scraper.app - WARNING - No Content-Length in response, the file 144849193_417817762660840_619329090349198528_n.jpg may be partially downloaded
2022-08-18 17:25:49,236 - instagram_scraper.app - WARNING - No Content-Length in response, the file 133730967_456553902014454_8856170488281722560_n.jpg may be partially downloaded
2022-08-18 17:25:49,756 - instagram_scraper.app - WARNING - No Content-Length in response, the file 123265570_692428621478065_5204904579386097005_n.jpg may be partially downloaded
2022-08-18 17:25:50,126 - instagram_scraper.app - WARNING - No Content-Length in response, the file 123423257_362866071459003_4431322484940475115_n.jpg may be partially downloaded
2022-08-18 17:25:50,316 - instagram_scraper.app - WARNING - No Content-Length in response, the file 123276021_704864020408043_4000879992020793169_n.jpg may be partially downloaded
2022-08-18 17:25:50,511 - instagram_scraper.app - WARNING - No Content-Length in response, the file 120201706_996561687527949_47109850737735206_n.jpg may be partially downloaded
2022-08-18 17:25:51,696 - instagram_scraper.app - WARNING - No Content-Length in response, the file 74681723_165320598026216_2968198762712254376_n.jpg may be partially downloaded
2022-08-18 17:25:52,116 - instagram_scraper.app - WARNING - No Content-Length in response, the file 74655056_2839293686089429_454862508746295938_n.jpg may be partially downloaded
2022-08-18 17:25:52,236 - instagram_scraper.app - WARNING - Retry after exception HTTPError('500 Server Error: Internal Server Error for url: https://instagram.fmnl30-3.fna.fbcdn.net/v/t72.14836-16/40679751_123815615444228_9064913479926200102_n.mp4?efg=eyJ2ZW5jb2RlX3RhZyI6InZ0c192b2RfdXJsZ2VuLjcyMC5zdG9yeS5kZWZhdWx0In0&_nc_ht=instagram.fmnl30-3.fna.fbcdn.net&_nc_cat=108&_nc_ohc=_cqf7bfFuAsAX8uBeyE&edm=AHlfZHwBAAAA&vs=18045415429068827_604188222&_nc_vs=HBksFQAYJEdFZTViQUlFdGNZUm5IQUFBQ2EzcGpMSUNzMTlidlE1QUFBRhUAAsgBABUAGCRHRVlnVkFNRTJUS2otbW9DQUd6dWIxdTFFZWhaYnBrd0FBQUYVAgLIAQAoABgAGwGIB3VzZV9vaWwBMRUAACbEqayowKTaPxUCKAJDMywXQAoUeuFHrhQYEmRhc2hfYmFzZWxpbmVfMV92MREAdegHAA%3D%3D&ccb=7-5&oe=63001341&oh=00_AT8hKIaULsV3x-F5xkvVeHxu5Ms70WRNacVV1xmSGLkHFg&_nc_sid=21929d') on https://instagram.fmnl30-3.fna.fbcdn.net/v/t72.14836-16/40679751_123815615444228_9064913479926200102_n.mp4?efg=eyJ2ZW5jb2RlX3RhZyI6InZ0c192b2RfdXJsZ2VuLjcyMC5zdG9yeS5kZWZhdWx0In0&_nc_ht=instagram.fmnl30-3.fna.fbcdn.net&_nc_cat=108&_nc_ohc=_cqf7bfFuAsAX8uBeyE&edm=AHlfZHwBAAAA&vs=18045415429068827_604188222&_nc_vs=HBksFQAYJEdFZTViQUlFdGNZUm5IQUFBQ2EzcGpMSUNzMTlidlE1QUFBRhUAAsgBABUAGCRHRVlnVkFNRTJUS2otbW9DQUd6dWIxdTFFZWhaYnBrd0FBQUYVAgLIAQAoABgAGwGIB3VzZV9vaWwBMRUAACbEqayowKTaPxUCKAJDMywXQAoUeuFHrhQYEmRhc2hfYmFzZWxpbmVfMV92MREAdegHAA%3D%3D&ccb=7-5&oe=63001341&oh=00_AT8hKIaULsV3x-F5xkvVeHxu5Ms70WRNacVV1xmSGLkHFg&_nc_sid=21929d
2022-08-18 17:25:52,406 - instagram_scraper.app - WARNING - Retry after exception HTTPError('500 Server Error: Internal Server Error for url: https://instagram.fmnl30-3.fna.fbcdn.net/v/t72.14836-16/39744665_389497871834720_2310938854711832269_n.mp4?efg=eyJ2ZW5jb2RlX3RhZyI6InZ0c192b2RfdXJsZ2VuLjcyMC5zdG9yeS5kZWZhdWx0In0&_nc_ht=instagram.fmnl30-3.fna.fbcdn.net&_nc_cat=108&_nc_ohc=vfkVTL74t_oAX8w9rh7&edm=AHlfZHwBAAAA&vs=18020074534116536_750134803&_nc_vs=HBksFQAYJEdKbDBYZ0pnbmtvS1AySUJBTTB1di15a0doSWdidlE1QUFBRhUAAsgBABUAGCRHSkc5SkFNSTVZNHlWVE1CQUY0OXdmMm1QM1l2YnBrd0FBQUYVAgLIAQAoABgAGwGIB3VzZV9vaWwBMRUAACbgsoH0uLuCQBUCKAJDMywXQCCeuFHrhR8YEmRhc2hfYmFzZWxpbmVfMV92MREAdegHAA%3D%3D&ccb=7-5&oe=63001478&oh=00_AT94csoD9sEkqeWkl1ES2WuoP7_ayCu34E6b6GtWWDHXsQ&_nc_sid=21929d') on https://instagram.fmnl30-3.fna.fbcdn.net/v/t72.14836-16/39744665_389497871834720_2310938854711832269_n.mp4?efg=eyJ2ZW5jb2RlX3RhZyI6InZ0c192b2RfdXJsZ2VuLjcyMC5zdG9yeS5kZWZhdWx0In0&_nc_ht=instagram.fmnl30-3.fna.fbcdn.net&_nc_cat=108&_nc_ohc=vfkVTL74t_oAX8w9rh7&edm=AHlfZHwBAAAA&vs=18020074534116536_750134803&_nc_vs=HBksFQAYJEdKbDBYZ0pnbmtvS1AySUJBTTB1di15a0doSWdidlE1QUFBRhUAAsgBABUAGCRHSkc5SkFNSTVZNHlWVE1CQUY0OXdmMm1QM1l2YnBrd0FBQUYVAgLIAQAoABgAGwGIB3VzZV9vaWwBMRUAACbgsoH0uLuCQBUCKAJDMywXQCCeuFHrhR8YEmRhc2hfYmFzZWxpbmVfMV92MREAdegHAA%3D%3D&ccb=7-5&oe=63001478&oh=00_AT94csoD9sEkqeWkl1ES2WuoP7_ayCu34E6b6GtWWDHXsQ&_nc_sid=21929d
2022-08-18 17:25:52,486 - instagram_scraper.app - WARNING - No Content-Length in response, the file 79360144_163328931437566_3487702726483608383_n.jpg may be partially downloaded
2022-08-18 17:25:52,676 - instagram_scraper.app - WARNING - No Content-Length in response, the file 71015121_991072011259196_8688431757419986914_n.jpg may be partially downloaded
2022-08-18 17:25:52,906 - instagram_scraper.app - WARNING - Retry after exception HTTPError('500 Server Error: Internal Server Error for url: https://instagram.fmnl30-1.fna.fbcdn.net/v/t72.14836-16/27485499_733674420322938_6195448160640841678_n.mp4?efg=eyJ2ZW5jb2RlX3RhZyI6InZ0c192b2RfdXJsZ2VuLjY0MC5zdG9yeS5kZWZhdWx0In0&_nc_ht=instagram.fmnl30-1.fna.fbcdn.net&_nc_cat=106&_nc_ohc=PJKKXH0kVl8AX8Athdh&edm=AHlfZHwBAAAA&vs=17888246524286640_648457991&_nc_vs=HBksFQAYJEdEdGxvd0Y2UWpUalJac0NBTTQzV1BkR3AtcFZidlE1QUFBRhUAAsgBABUAGCRHRk8tYkFKdDVxWjVUQ2dJQU1HcEdDaVJpQjRNYnZRNUFBQUYVAgLIAQAoABgAGwGIB3VzZV9vaWwBMRUAACbQnLLjjJbcPxUCKAJDMywXQBuuFHrhR64YFGRhc2hfYmFzZWxpbmVfNjQwX3YxEQB16AcA&ccb=7-5&oe=63000544&oh=00_AT8O11Lb9dy0pS5OzTixNss11dRHrQO07Jmh_vlPpJAzOw&_nc_sid=21929d') on https://instagram.fmnl30-1.fna.fbcdn.net/v/t72.14836-16/27485499_733674420322938_6195448160640841678_n.mp4?efg=eyJ2ZW5jb2RlX3RhZyI6InZ0c192b2RfdXJsZ2VuLjY0MC5zdG9yeS5kZWZhdWx0In0&_nc_ht=instagram.fmnl30-1.fna.fbcdn.net&_nc_cat=106&_nc_ohc=PJKKXH0kVl8AX8Athdh&edm=AHlfZHwBAAAA&vs=17888246524286640_648457991&_nc_vs=HBksFQAYJEdEdGxvd0Y2UWpUalJac0NBTTQzV1BkR3AtcFZidlE1QUFBRhUAAsgBABUAGCRHRk8tYkFKdDVxWjVUQ2dJQU1HcEdDaVJpQjRNYnZRNUFBQUYVAgLIAQAoABgAGwGIB3VzZV9vaWwBMRUAACbQnLLjjJbcPxUCKAJDMywXQBuuFHrhR64YFGRhc2hfYmFzZWxpbmVfNjQwX3YxEQB16AcA&ccb=7-5&oe=63000544&oh=00_AT8O11Lb9dy0pS5OzTixNss11dRHrQO07Jmh_vlPpJAzOw&_nc_sid=21929d
2022-08-18 17:25:52,927 - instagram_scraper.app - WARNING - No Content-Length in response, the file 69751748_574010290078651_7758595270544683674_n.jpg may be partially downloaded
2022-08-18 17:25:53,016 - instagram_scraper.app - WARNING - No Content-Length in response, the file 56285379_2436628586396974_123895532341472972_n.jpg may be partially downloaded
2022-08-18 17:25:53,426 - instagram_scraper.app - WARNING - No Content-Length in response, the file 56470502_1428640600612153_8430528124443918669_n.jpg may be partially downloaded
2022-08-18 17:25:55,030 - instagram_scraper.app - WARNING - No Content-Length in response, the file 208900980_181117260695245_2446471050252831354_n.jpg may be partially downloaded
2022-08-18 17:25:55,566 - instagram_scraper.app - WARNING - No Content-Length in response, the file 196568747_164881645605841_8942589152655717812_n.jpg may be partially downloaded
2022-08-18 17:25:55,646 - instagram_scraper.app - WARNING - No Content-Length in response, the file 173353295_1103939330108083_1565600140757194303_n.jpg may be partially downloaded
2022-08-18 17:25:56,136 - instagram_scraper.app - WARNING - No Content-Length in response, the file 146029344_209598044195034_4507570467346215160_n.jpg may be partially downloaded
2022-08-18 17:25:56,146 - instagram_scraper.app - WARNING - No Content-Length in response, the file 143270925_2933874166849731_7543090004976122922_n.jpg may be partially downloaded
2022-08-18 17:25:56,516 - instagram_scraper.app - WARNING - No Content-Length in response, the file 139738784_3595703310484266_5839397190395896323_n.jpg may be partially downloaded
2022-08-18 17:25:56,696 - instagram_scraper.app - WARNING - No Content-Length in response, the file 137064252_154948776390510_5169121380768129879_n.jpg may be partially downloaded
2022-08-18 17:25:56,966 - instagram_scraper.app - WARNING - No Content-Length in response, the file 136376224_3259979384101868_8331288979064784144_n.jpg may be partially downloaded
2022-08-18 17:25:57,246 - instagram_scraper.app - WARNING - No Content-Length in response, the file 136077511_405618827311803_3481301144534243649_n.jpg may be partially downloaded
2022-08-18 17:25:57,726 - instagram_scraper.app - WARNING - No Content-Length in response, the file 126200110_3912007712167358_2958099935197554374_n.jpg may be partially downloaded
2022-08-18 17:25:58,316 - instagram_scraper.app - WARNING - No Content-Length in response, the file 125443452_768843003964028_6381220081762262277_n.jpg may be partially downloaded
2022-08-18 17:25:58,486 - instagram_scraper.app - WARNING - No Content-Length in response, the file 124503141_981448809013390_8899834791102655046_n.jpg may be partially downloaded
2022-08-18 17:26:00,086 - instagram_scraper.app - WARNING - No Content-Length in response, the file 121203130_1516822261851504_7694130947595052942_n.jpg may be partially downloaded
2022-08-18 17:26:00,176 - instagram_scraper.app - WARNING - No Content-Length in response, the file 120173772_742724289611109_107827787583410150_n.jpg may be partially downloaded
2022-08-18 17:26:00,656 - instagram_scraper.app - WARNING - No Content-Length in response, the file 118239881_811422242929736_1131294268435827969_n.jpg may be partially downloaded
2022-08-18 17:26:00,756 - instagram_scraper.app - WARNING - No Content-Length in response, the file 106717195_613847279513204_6191264660947179550_n.jpg may be partially downloaded
2022-08-18 17:26:01,051 - instagram_scraper.app - WARNING - No Content-Length in response, the file 107065149_102021558227139_1503433747223007273_n.jpg may be partially downloaded
2022-08-18 17:26:02,106 - instagram_scraper.app - WARNING - No Content-Length in response, the file 98078697_1119753685024127_6353816286931252252_n.jpg may be partially downloaded
2022-08-18 17:26:02,289 - instagram_scraper.app - WARNING - No Content-Length in response, the file 83720007_650772015735733_637276158553346068_n.jpg may be partially downloaded
2022-08-18 17:26:02,648 - instagram_scraper.app - WARNING - No Content-Length in response, the file 82506921_146855626790347_2471294500036851869_n.jpg may be partially downloaded
2022-08-18 17:26:02,686 - instagram_scraper.app - WARNING - No Content-Length in response, the file 83532574_220678695608416_668444507942460510_n.jpg may be partially downloaded
2022-08-18 17:26:03,051 - instagram_scraper.app - WARNING - No Content-Length in response, the file 81250009_504585320170337_2435396785522308157_n.jpg may be partially downloaded
2022-08-18 17:26:03,137 - instagram_scraper.app - WARNING - No Content-Length in response, the file 81549116_768328153670241_8273045625631052075_n.jpg may be partially downloaded
2022-08-18 17:26:03,450 - instagram_scraper.app - WARNING - No Content-Length in response, the file 81171578_2779167172146048_4045201215645876706_n.jpg may be partially downloaded
2022-08-18 17:26:03,676 - instagram_scraper.app - WARNING - No Content-Length in response, the file 81248194_219352309064569_5147181801007667941_n.jpg may be partially downloaded
2022-08-18 17:26:04,033 - instagram_scraper.app - WARNING - No Content-Length in response, the file 73512675_566069724186708_6387329348521945319_n.jpg may be partially downloaded
2022-08-18 17:26:04,225 - instagram_scraper.app - WARNING - No Content-Length in response, the file 79140917_211605846519731_1186345762032307236_n.jpg may be partially downloaded
2022-08-18 17:26:04,465 - instagram_scraper.app - WARNING - No Content-Length in response, the file 75640822_808239299617465_2167162872538743392_n.jpg may be partially downloaded
2022-08-18 17:26:04,769 - instagram_scraper.app - WARNING - No Content-Length in response, the file 71893701_554577395342245_9039370355776172383_n.jpg may be partially downloaded
2022-08-18 17:26:04,815 - instagram_scraper.app - WARNING - No Content-Length in response, the file 74601350_147429096600076_3897813644287613159_n.jpg may be partially downloaded
2022-08-18 17:26:05,169 - instagram_scraper.app - WARNING - No Content-Length in response, the file 74538548_815510622237323_8058006117282726307_n.jpg may be partially downloaded
2022-08-18 17:26:05,398 - instagram_scraper.app - WARNING - No Content-Length in response, the file 74621051_2430954117164288_2656628854865433728_n.jpg may be partially downloaded
2022-08-18 17:26:05,519 - instagram_scraper.app - WARNING - No Content-Length in response, the file 70539147_553620772046590_6335782501054001226_n.jpg may be partially downloaded
2022-08-18 17:26:05,995 - instagram_scraper.app - WARNING - No Content-Length in response, the file 69549223_3590147774343997_2609162798568413611_n.jpg may be partially downloaded
2022-08-18 17:26:06,005 - instagram_scraper.app - WARNING - No Content-Length in response, the file 67823130_183161872706441_5599924805552784080_n.jpg may be partially downloaded
2022-08-18 17:26:06,433 - instagram_scraper.app - WARNING - No Content-Length in response, the file 67404993_442483243275529_1593111279223136822_n.jpg may be partially downloaded
2022-08-18 17:26:06,444 - instagram_scraper.app - WARNING - No Content-Length in response, the file 65875831_897060820648061_2149727262225353975_n.jpg may be partially downloaded
2022-08-18 17:26:06,813 - instagram_scraper.app - WARNING - No Content-Length in response, the file 65883707_2322403271360619_8349872702480889853_n.jpg may be partially downloaded
2022-08-18 17:26:06,840 - instagram_scraper.app - WARNING - No Content-Length in response, the file 62138593_811560375911198_3809901629501064777_n.jpg may be partially downloaded
2022-08-18 17:26:07,318 - instagram_scraper.app - WARNING - No Content-Length in response, the file 64600113_335950030405571_1907349914285163842_n.jpg may be partially downloaded
2022-08-18 17:26:07,326 - instagram_scraper.app - WARNING - No Content-Length in response, the file 62062315_103442314194217_4510333655832224597_n.jpg may be partially downloaded
2022-08-18 17:26:07,776 - instagram_scraper.app - WARNING - No Content-Length in response, the file 59377938_452152128867290_514210442419281832_n.jpg may be partially downloaded
2022-08-18 17:26:07,842 - instagram_scraper.app - WARNING - No Content-Length in response, the file 60844272_655900611502019_3648615647648207686_n.jpg may be partially downloaded
2022-08-18 17:26:08,423 - instagram_scraper.app - WARNING - No Content-Length in response, the file 57460068_121120159074558_7807565584672737439_n.jpg may be partially downloaded
2022-08-18 17:26:08,434 - instagram_scraper.app - WARNING - No Content-Length in response, the file 59924338_139890483815333_702831087944527489_n.jpg may be partially downloaded
2022-08-18 17:26:09,026 - instagram_scraper.app - WARNING - No Content-Length in response, the file 46597163_136690523990714_6802248505312395515_n.jpg may be partially downloaded
2022-08-18 17:26:09,296 - instagram_scraper.app - WARNING - Retry after exception HTTPError('400 Client Error: Bad Request for url: https://i.instagram.com/api/v1/media/1781873377925937363/info/') on https://i.instagram.com/api/v1/media/1781873377925937363/info/
2022-08-18 17:26:09,585 - instagram_scraper.app - WARNING - No Content-Length in response, the file 210260247_247111060187566_3780328895297157119_n.jpg may be partially downloaded
2022-08-18 17:26:10,396 - instagram_scraper.app - WARNING - No Content-Length in response, the file 133891694_713729139165394_7210642042489788030_n.jpg may be partially downloaded
2022-08-18 17:26:10,747 - instagram_scraper.app - WARNING - No Content-Length in response, the file 134214715_450402493033034_2947980994629931777_n.jpg may be partially downloaded
2022-08-18 17:26:10,924 - instagram_scraper.app - WARNING - No Content-Length in response, the file 133745030_522715131982256_8386974727704715438_n.jpg may be partially downloaded
2022-08-18 17:26:11,435 - instagram_scraper.app - WARNING - No Content-Length in response, the file 106471383_197996345009392_7810459802023474516_n.jpg may be partially downloaded
2022-08-18 17:26:11,787 - instagram_scraper.app - WARNING - No Content-Length in response, the file 107142219_3105898216170008_6988640203096788203_n.jpg may be partially downloaded
2022-08-18 17:26:12,252 - instagram_scraper.app - WARNING - No Content-Length in response, the file 106723707_2701514966842470_2412524287894729674_n.jpg may be partially downloaded
2022-08-18 17:26:12,716 - instagram_scraper.app - WARNING - No Content-Length in response, the file 84550539_635516913890416_742832397894306562_n.jpg may be partially downloaded
2022-08-18 17:26:12,866 - instagram_scraper.app - WARNING - No Content-Length in response, the file 84640957_132793554906575_737919590697464909_n.jpg may be partially downloaded
2022-08-18 17:26:13,256 - instagram_scraper.app - WARNING - No Content-Length in response, the file 82930347_189282895584661_6598624597920842131_n.jpg may be partially downloaded
2022-08-18 17:26:13,476 - instagram_scraper.app - WARNING - No Content-Length in response, the file 79602668_128555491961814_5845069302651938131_n.jpg may be partially downloaded
2022-08-18 17:26:13,743 - instagram_scraper.app - WARNING - No Content-Length in response, the file 75372355_1500809990074025_8339310823651748154_n.jpg may be partially downloaded
2022-08-18 17:26:14,176 - instagram_scraper.app - WARNING - No Content-Length in response, the file 80050082_162728085110394_7290496275076635000_n.jpg may be partially downloaded
2022-08-18 17:26:14,662 - instagram_scraper.app - WARNING - No Content-Length in response, the file 70706941_171340807271288_969845888718187339_n.jpg may be partially downloaded
2022-08-18 17:26:14,926 - instagram_scraper.app - WARNING - No Content-Length in response, the file 77017255_2464544117198264_2026575344509465814_n.jpg may be partially downloaded
2022-08-18 17:26:15,036 - instagram_scraper.app - WARNING - No Content-Length in response, the file 70421868_993902637627740_7043662297004107914_n.jpg may be partially downloaded
2022-08-18 17:26:15,168 - instagram_scraper.app - WARNING - Retry after exception HTTPError('500 Server Error: Internal Server Error for url: https://instagram.fmnl30-3.fna.fbcdn.net/v/t72.14836-16/40679751_123815615444228_9064913479926200102_n.mp4?efg=eyJ2ZW5jb2RlX3RhZyI6InZ0c192b2RfdXJsZ2VuLjcyMC5zdG9yeS5kZWZhdWx0In0&_nc_ht=instagram.fmnl30-3.fna.fbcdn.net&_nc_cat=108&_nc_ohc=_cqf7bfFuAsAX8uBeyE&edm=AHlfZHwBAAAA&vs=18045415429068827_604188222&_nc_vs=HBksFQAYJEdFZTViQUlFdGNZUm5IQUFBQ2EzcGpMSUNzMTlidlE1QUFBRhUAAsgBABUAGCRHRVlnVkFNRTJUS2otbW9DQUd6dWIxdTFFZWhaYnBrd0FBQUYVAgLIAQAoABgAGwGIB3VzZV9vaWwBMRUAACbEqayowKTaPxUCKAJDMywXQAoUeuFHrhQYEmRhc2hfYmFzZWxpbmVfMV92MREAdegHAA%3D%3D&ccb=7-5&oe=63001341&oh=00_AT8hKIaULsV3x-F5xkvVeHxu5Ms70WRNacVV1xmSGLkHFg&_nc_sid=21929d') on https://instagram.fmnl30-3.fna.fbcdn.net/v/t72.14836-16/40679751_123815615444228_9064913479926200102_n.mp4?efg=eyJ2ZW5jb2RlX3RhZyI6InZ0c192b2RfdXJsZ2VuLjcyMC5zdG9yeS5kZWZhdWx0In0&_nc_ht=instagram.fmnl30-3.fna.fbcdn.net&_nc_cat=108&_nc_ohc=_cqf7bfFuAsAX8uBeyE&edm=AHlfZHwBAAAA&vs=18045415429068827_604188222&_nc_vs=HBksFQAYJEdFZTViQUlFdGNZUm5IQUFBQ2EzcGpMSUNzMTlidlE1QUFBRhUAAsgBABUAGCRHRVlnVkFNRTJUS2otbW9DQUd6dWIxdTFFZWhaYnBrd0FBQUYVAgLIAQAoABgAGwGIB3VzZV9vaWwBMRUAACbEqayowKTaPxUCKAJDMywXQAoUeuFHrhQYEmRhc2hfYmFzZWxpbmVfMV92MREAdegHAA%3D%3D&ccb=7-5&oe=63001341&oh=00_AT8hKIaULsV3x-F5xkvVeHxu5Ms70WRNacVV1xmSGLkHFg&_nc_sid=21929d
2022-08-18 17:26:15,286 - instagram_scraper.app - WARNING - Retry after exception HTTPError('500 Server Error: Internal Server Error for url: https://instagram.fmnl30-3.fna.fbcdn.net/v/t72.14836-16/39744665_389497871834720_2310938854711832269_n.mp4?efg=eyJ2ZW5jb2RlX3RhZyI6InZ0c192b2RfdXJsZ2VuLjcyMC5zdG9yeS5kZWZhdWx0In0&_nc_ht=instagram.fmnl30-3.fna.fbcdn.net&_nc_cat=108&_nc_ohc=vfkVTL74t_oAX8w9rh7&edm=AHlfZHwBAAAA&vs=18020074534116536_750134803&_nc_vs=HBksFQAYJEdKbDBYZ0pnbmtvS1AySUJBTTB1di15a0doSWdidlE1QUFBRhUAAsgBABUAGCRHSkc5SkFNSTVZNHlWVE1CQUY0OXdmMm1QM1l2YnBrd0FBQUYVAgLIAQAoABgAGwGIB3VzZV9vaWwBMRUAACbgsoH0uLuCQBUCKAJDMywXQCCeuFHrhR8YEmRhc2hfYmFzZWxpbmVfMV92MREAdegHAA%3D%3D&ccb=7-5&oe=63001478&oh=00_AT94csoD9sEkqeWkl1ES2WuoP7_ayCu34E6b6GtWWDHXsQ&_nc_sid=21929d') on https://instagram.fmnl30-3.fna.fbcdn.net/v/t72.14836-16/39744665_389497871834720_2310938854711832269_n.mp4?efg=eyJ2ZW5jb2RlX3RhZyI6InZ0c192b2RfdXJsZ2VuLjcyMC5zdG9yeS5kZWZhdWx0In0&_nc_ht=instagram.fmnl30-3.fna.fbcdn.net&_nc_cat=108&_nc_ohc=vfkVTL74t_oAX8w9rh7&edm=AHlfZHwBAAAA&vs=18020074534116536_750134803&_nc_vs=HBksFQAYJEdKbDBYZ0pnbmtvS1AySUJBTTB1di15a0doSWdidlE1QUFBRhUAAsgBABUAGCRHSkc5SkFNSTVZNHlWVE1CQUY0OXdmMm1QM1l2YnBrd0FBQUYVAgLIAQAoABgAGwGIB3VzZV9vaWwBMRUAACbgsoH0uLuCQBUCKAJDMywXQCCeuFHrhR8YEmRhc2hfYmFzZWxpbmVfMV92MREAdegHAA%3D%3D&ccb=7-5&oe=63001478&oh=00_AT94csoD9sEkqeWkl1ES2WuoP7_ayCu34E6b6GtWWDHXsQ&_nc_sid=21929d
2022-08-18 17:26:15,616 - instagram_scraper.app - WARNING - No Content-Length in response, the file 71332192_102702494489247_3157638961319576557_n.jpg may be partially downloaded
2022-08-18 17:26:15,856 - instagram_scraper.app - WARNING - Retry after exception HTTPError('500 Server Error: Internal Server Error for url: https://instagram.fmnl30-1.fna.fbcdn.net/v/t72.14836-16/27485499_733674420322938_6195448160640841678_n.mp4?efg=eyJ2ZW5jb2RlX3RhZyI6InZ0c192b2RfdXJsZ2VuLjY0MC5zdG9yeS5kZWZhdWx0In0&_nc_ht=instagram.fmnl30-1.fna.fbcdn.net&_nc_cat=106&_nc_ohc=PJKKXH0kVl8AX8Athdh&edm=AHlfZHwBAAAA&vs=17888246524286640_648457991&_nc_vs=HBksFQAYJEdEdGxvd0Y2UWpUalJac0NBTTQzV1BkR3AtcFZidlE1QUFBRhUAAsgBABUAGCRHRk8tYkFKdDVxWjVUQ2dJQU1HcEdDaVJpQjRNYnZRNUFBQUYVAgLIAQAoABgAGwGIB3VzZV9vaWwBMRUAACbQnLLjjJbcPxUCKAJDMywXQBuuFHrhR64YFGRhc2hfYmFzZWxpbmVfNjQwX3YxEQB16AcA&ccb=7-5&oe=63000544&oh=00_AT8O11Lb9dy0pS5OzTixNss11dRHrQO07Jmh_vlPpJAzOw&_nc_sid=21929d') on https://instagram.fmnl30-1.fna.fbcdn.net/v/t72.14836-16/27485499_733674420322938_6195448160640841678_n.mp4?efg=eyJ2ZW5jb2RlX3RhZyI6InZ0c192b2RfdXJsZ2VuLjY0MC5zdG9yeS5kZWZhdWx0In0&_nc_ht=instagram.fmnl30-1.fna.fbcdn.net&_nc_cat=106&_nc_ohc=PJKKXH0kVl8AX8Athdh&edm=AHlfZHwBAAAA&vs=17888246524286640_648457991&_nc_vs=HBksFQAYJEdEdGxvd0Y2UWpUalJac0NBTTQzV1BkR3AtcFZidlE1QUFBRhUAAsgBABUAGCRHRk8tYkFKdDVxWjVUQ2dJQU1HcEdDaVJpQjRNYnZRNUFBQUYVAgLIAQAoABgAGwGIB3VzZV9vaWwBMRUAACbQnLLjjJbcPxUCKAJDMywXQBuuFHrhR64YFGRhc2hfYmFzZWxpbmVfNjQwX3YxEQB16AcA&ccb=7-5&oe=63000544&oh=00_AT8O11Lb9dy0pS5OzTixNss11dRHrQO07Jmh_vlPpJAzOw&_nc_sid=21929d
2022-08-18 17:26:16,496 - instagram_scraper.app - WARNING - No Content-Length in response, the file 74369872_119099896185772_5370094056185411326_n.jpg may be partially downloaded
2022-08-18 17:26:16,996 - instagram_scraper.app - WARNING - No Content-Length in response, the file 74711738_154989252376083_6749326635810603218_n.jpg may be partially downloaded
2022-08-18 17:26:17,051 - instagram_scraper.app - WARNING - No Content-Length in response, the file 72604140_443718906277285_6379090738524354923_n.jpg may be partially downloaded
2022-08-18 17:26:17,426 - instagram_scraper.app - WARNING - No Content-Length in response, the file 71559412_465109674106048_8134818376272414557_n.jpg may be partially downloaded
2022-08-18 17:26:17,800 - instagram_scraper.app - WARNING - No Content-Length in response, the file 70450200_184025782762420_6847796456433279336_n.jpg may be partially downloaded
2022-08-18 17:26:17,816 - instagram_scraper.app - WARNING - No Content-Length in response, the file 70591930_188616458842290_5674168943849136187_n.jpg may be partially downloaded
2022-08-18 17:26:18,203 - instagram_scraper.app - WARNING - No Content-Length in response, the file 70128246_405405033495575_3498181215049854314_n.jpg may be partially downloaded
2022-08-18 17:26:18,614 - instagram_scraper.app - WARNING - No Content-Length in response, the file 67827313_672461226567819_6501697194290978876_n.jpg may be partially downloaded
2022-08-18 17:26:19,124 - instagram_scraper.app - WARNING - No Content-Length in response, the file 69223974_930300970669756_2626981427189808337_n.jpg may be partially downloaded
2022-08-18 17:26:19,522 - instagram_scraper.app - WARNING - No Content-Length in response, the file 67660203_522039118340939_158966170219548822_n.jpg may be partially downloaded
2022-08-18 17:26:19,588 - instagram_scraper.app - WARNING - No Content-Length in response, the file 67342841_133753121214959_8251865810635342261_n.jpg may be partially downloaded
2022-08-18 17:26:20,025 - instagram_scraper.app - WARNING - No Content-Length in response, the file 69027417_2470918759643011_2414821061992016510_n.jpg may be partially downloaded
2022-08-18 17:26:20,110 - instagram_scraper.app - WARNING - No Content-Length in response, the file 67632001_1361322620681892_8784863479474557502_n.jpg may be partially downloaded
2022-08-18 17:26:20,506 - instagram_scraper.app - WARNING - No Content-Length in response, the file 66229030_178201369860418_952854146455821529_n.jpg may be partially downloaded
2022-08-18 17:26:20,516 - instagram_scraper.app - WARNING - No Content-Length in response, the file 65204411_473161026590120_2653489294259112767_n.jpg may be partially downloaded
2022-08-18 17:26:20,876 - instagram_scraper.app - WARNING - No Content-Length in response, the file 64708664_183755292628183_3459609810240270246_n.jpg may be partially downloaded
2022-08-18 17:26:20,902 - instagram_scraper.app - WARNING - No Content-Length in response, the file 61943701_134514611073339_1673928233672807108_n.jpg may be partially downloaded
2022-08-18 17:26:21,278 - instagram_scraper.app - WARNING - No Content-Length in response, the file 61447529_680291092422971_6641293610431303121_n.jpg may be partially downloaded
2022-08-18 17:26:21,293 - instagram_scraper.app - WARNING - No Content-Length in response, the file 61135408_117127059287500_4110342456546629946_n.jpg may be partially downloaded
2022-08-18 17:26:21,676 - instagram_scraper.app - WARNING - No Content-Length in response, the file 60279397_212381556389702_8362671628550499762_n.jpg may be partially downloaded
2022-08-18 17:26:21,706 - instagram_scraper.app - WARNING - No Content-Length in response, the file 59684468_140152227161414_4636869886382546124_n.jpg may be partially downloaded
2022-08-18 17:26:22,096 - instagram_scraper.app - WARNING - No Content-Length in response, the file 60175167_312708749650697_886202183000615596_n.jpg may be partially downloaded
2022-08-18 17:26:22,235 - instagram_scraper.app - WARNING - No Content-Length in response, the file 60152444_2164064260368168_6147149033998381090_n.jpg may be partially downloaded
2022-08-18 17:26:22,496 - instagram_scraper.app - WARNING - No Content-Length in response, the file 59635870_458473174889507_4429006619278232122_n.jpg may be partially downloaded
2022-08-18 17:26:22,886 - instagram_scraper.app - WARNING - No Content-Length in response, the file 59868197_1104513453075723_6159019529987423867_n.jpg may be partially downloaded
2022-08-18 17:26:23,066 - instagram_scraper.app - WARNING - No Content-Length in response, the file 57280560_288690222061283_5581204371784053449_n.jpg may be partially downloaded
2022-08-18 17:26:23,426 - instagram_scraper.app - WARNING - No Content-Length in response, the file 55776952_131280541323775_2631838346926255317_n.jpg may be partially downloaded
2022-08-18 17:26:26,200 - instagram_scraper.app - WARNING - Retry after exception HTTPError('500 Server Error: Internal Server Error for url: https://instagram.fmnl30-2.fna.fbcdn.net/v/t72.14836-16/32589776_2286013001676010_5782160263967547554_n.mp4?efg=eyJ2ZW5jb2RlX3RhZyI6InZ0c192b2RfdXJsZ2VuLjcyMC5zdG9yeS5kZWZhdWx0In0&_nc_ht=instagram.fmnl30-2.fna.fbcdn.net&_nc_cat=110&_nc_ohc=ERUAPXDhas8AX9n3rGP&edm=AHlfZHwBAAAA&vs=18038536015025470_1133873154&_nc_vs=HBksFQAYJEdOQkg4UUhxdE9yZ0hSOElBS0lnS3ZnZlhENVFidlE1QUFBRhUAAsgBABUAGCRHSTlUS3dOVnlTdW9HV0lCQUppZUdlWldzQllzYnBrd0FBQUYVAgLIAQAoABgAGwGIB3VzZV9vaWwBMRUAACbS5vGD5rS7PxUCKAJDMywXQBLBiTdLxqgYEmRhc2hfYmFzZWxpbmVfMV92MREAdegHAA%3D%3D&ccb=7-5&oe=630010E1&oh=00_AT-xdRQTHV4NAz04goWFjVXsx30YbIxtk4E2Bgwzc2rhmA&_nc_sid=21929d') on https://instagram.fmnl30-2.fna.fbcdn.net/v/t72.14836-16/32589776_2286013001676010_5782160263967547554_n.mp4?efg=eyJ2ZW5jb2RlX3RhZyI6InZ0c192b2RfdXJsZ2VuLjcyMC5zdG9yeS5kZWZhdWx0In0&_nc_ht=instagram.fmnl30-2.fna.fbcdn.net&_nc_cat=110&_nc_ohc=ERUAPXDhas8AX9n3rGP&edm=AHlfZHwBAAAA&vs=18038536015025470_1133873154&_nc_vs=HBksFQAYJEdOQkg4UUhxdE9yZ0hSOElBS0lnS3ZnZlhENVFidlE1QUFBRhUAAsgBABUAGCRHSTlUS3dOVnlTdW9HV0lCQUppZUdlWldzQllzYnBrd0FBQUYVAgLIAQAoABgAGwGIB3VzZV9vaWwBMRUAACbS5vGD5rS7PxUCKAJDMywXQBLBiTdLxqgYEmRhc2hfYmFzZWxpbmVfMV92MREAdegHAA%3D%3D&ccb=7-5&oe=630010E1&oh=00_AT-xdRQTHV4NAz04goWFjVXsx30YbIxtk4E2Bgwzc2rhmA&_nc_sid=21929d
2022-08-18 17:26:27,796 - instagram_scraper.app - WARNING - Retry after exception HTTPError('500 Server Error: Internal Server Error for url: https://instagram.fmnl30-3.fna.fbcdn.net/v/t72.14836-16/40718114_287891488504604_289392064374394965_n.mp4?efg=eyJ2ZW5jb2RlX3RhZyI6InZ0c192b2RfdXJsZ2VuLjY0MC5zdG9yeS5kZWZhdWx0In0&_nc_ht=instagram.fmnl30-3.fna.fbcdn.net&_nc_cat=108&_nc_ohc=57KK-k89ursAX9B3IhU&edm=AHlfZHwBAAAA&vs=17858144512332811_4249853729&_nc_vs=HBkcFQAYJEdDSlBiUUljX19mMTFRVUJBRlZRMnAyTUlBUUVidlE1QUFBRhUAAsgBACgAGAAbAYgHdXNlX29pbAExFQAAJorFvPWQ3do%2FFQIoAkMzLBdADMzMzMzMzRgUZGFzaF9iYXNlbGluZV82NDBfdjERAHXoBwA%3D&ccb=7-5&oe=63008739&oh=00_AT8Pnort9-pWsLm37-P3yQ1RwhNuHbZ9z7saAD2OusyFNw&_nc_sid=21929d') on https://instagram.fmnl30-3.fna.fbcdn.net/v/t72.14836-16/40718114_287891488504604_289392064374394965_n.mp4?efg=eyJ2ZW5jb2RlX3RhZyI6InZ0c192b2RfdXJsZ2VuLjY0MC5zdG9yeS5kZWZhdWx0In0&_nc_ht=instagram.fmnl30-3.fna.fbcdn.net&_nc_cat=108&_nc_ohc=57KK-k89ursAX9B3IhU&edm=AHlfZHwBAAAA&vs=17858144512332811_4249853729&_nc_vs=HBkcFQAYJEdDSlBiUUljX19mMTFRVUJBRlZRMnAyTUlBUUVidlE1QUFBRhUAAsgBACgAGAAbAYgHdXNlX29pbAExFQAAJorFvPWQ3do%2FFQIoAkMzLBdADMzMzMzMzRgUZGFzaF9iYXNlbGluZV82NDBfdjERAHXoBwA%3D&ccb=7-5&oe=63008739&oh=00_AT8Pnort9-pWsLm37-P3yQ1RwhNuHbZ9z7saAD2OusyFNw&_nc_sid=21929d
2022-08-18 17:26:31,247 - instagram_scraper.app - WARNING - Retry after exception HTTPError('500 Server Error: Internal Server Error for url: https://instagram.fmnl30-2.fna.fbcdn.net/v/t72.14836-16/32589776_2286013001676010_5782160263967547554_n.mp4?efg=eyJ2ZW5jb2RlX3RhZyI6InZ0c192b2RfdXJsZ2VuLjcyMC5zdG9yeS5kZWZhdWx0In0&_nc_ht=instagram.fmnl30-2.fna.fbcdn.net&_nc_cat=110&_nc_ohc=ERUAPXDhas8AX9n3rGP&edm=AHlfZHwBAAAA&vs=18038536015025470_1133873154&_nc_vs=HBksFQAYJEdOQkg4UUhxdE9yZ0hSOElBS0lnS3ZnZlhENVFidlE1QUFBRhUAAsgBABUAGCRHSTlUS3dOVnlTdW9HV0lCQUppZUdlWldzQllzYnBrd0FBQUYVAgLIAQAoABgAGwGIB3VzZV9vaWwBMRUAACbS5vGD5rS7PxUCKAJDMywXQBLBiTdLxqgYEmRhc2hfYmFzZWxpbmVfMV92MREAdegHAA%3D%3D&ccb=7-5&oe=630010E1&oh=00_AT-xdRQTHV4NAz04goWFjVXsx30YbIxtk4E2Bgwzc2rhmA&_nc_sid=21929d') on https://instagram.fmnl30-2.fna.fbcdn.net/v/t72.14836-16/32589776_2286013001676010_5782160263967547554_n.mp4?efg=eyJ2ZW5jb2RlX3RhZyI6InZ0c192b2RfdXJsZ2VuLjcyMC5zdG9yeS5kZWZhdWx0In0&_nc_ht=instagram.fmnl30-2.fna.fbcdn.net&_nc_cat=110&_nc_ohc=ERUAPXDhas8AX9n3rGP&edm=AHlfZHwBAAAA&vs=18038536015025470_1133873154&_nc_vs=HBksFQAYJEdOQkg4UUhxdE9yZ0hSOElBS0lnS3ZnZlhENVFidlE1QUFBRhUAAsgBABUAGCRHSTlUS3dOVnlTdW9HV0lCQUppZUdlWldzQllzYnBrd0FBQUYVAgLIAQAoABgAGwGIB3VzZV9vaWwBMRUAACbS5vGD5rS7PxUCKAJDMywXQBLBiTdLxqgYEmRhc2hfYmFzZWxpbmVfMV92MREAdegHAA%3D%3D&ccb=7-5&oe=630010E1&oh=00_AT-xdRQTHV4NAz04goWFjVXsx30YbIxtk4E2Bgwzc2rhmA&_nc_sid=21929d
2022-08-18 17:26:32,857 - instagram_scraper.app - WARNING - Retry after exception HTTPError('500 Server Error: Internal Server Error for url: https://instagram.fmnl30-3.fna.fbcdn.net/v/t72.14836-16/40718114_287891488504604_289392064374394965_n.mp4?efg=eyJ2ZW5jb2RlX3RhZyI6InZ0c192b2RfdXJsZ2VuLjY0MC5zdG9yeS5kZWZhdWx0In0&_nc_ht=instagram.fmnl30-3.fna.fbcdn.net&_nc_cat=108&_nc_ohc=57KK-k89ursAX9B3IhU&edm=AHlfZHwBAAAA&vs=17858144512332811_4249853729&_nc_vs=HBkcFQAYJEdDSlBiUUljX19mMTFRVUJBRlZRMnAyTUlBUUVidlE1QUFBRhUAAsgBACgAGAAbAYgHdXNlX29pbAExFQAAJorFvPWQ3do%2FFQIoAkMzLBdADMzMzMzMzRgUZGFzaF9iYXNlbGluZV82NDBfdjERAHXoBwA%3D&ccb=7-5&oe=63008739&oh=00_AT8Pnort9-pWsLm37-P3yQ1RwhNuHbZ9z7saAD2OusyFNw&_nc_sid=21929d') on https://instagram.fmnl30-3.fna.fbcdn.net/v/t72.14836-16/40718114_287891488504604_289392064374394965_n.mp4?efg=eyJ2ZW5jb2RlX3RhZyI6InZ0c192b2RfdXJsZ2VuLjY0MC5zdG9yeS5kZWZhdWx0In0&_nc_ht=instagram.fmnl30-3.fna.fbcdn.net&_nc_cat=108&_nc_ohc=57KK-k89ursAX9B3IhU&edm=AHlfZHwBAAAA&vs=17858144512332811_4249853729&_nc_vs=HBkcFQAYJEdDSlBiUUljX19mMTFRVUJBRlZRMnAyTUlBUUVidlE1QUFBRhUAAsgBACgAGAAbAYgHdXNlX29pbAExFQAAJorFvPWQ3do%2FFQIoAkMzLBdADMzMzMzMzRgUZGFzaF9iYXNlbGluZV82NDBfdjERAHXoBwA%3D&ccb=7-5&oe=63008739&oh=00_AT8Pnort9-pWsLm37-P3yQ1RwhNuHbZ9z7saAD2OusyFNw&_nc_sid=21929d
2022-08-18 17:26:41,348 - instagram_scraper.app - WARNING - Retry after exception HTTPError('500 Server Error: Internal Server Error for url: https://instagram.fmnl30-2.fna.fbcdn.net/v/t72.14836-16/32589776_2286013001676010_5782160263967547554_n.mp4?efg=eyJ2ZW5jb2RlX3RhZyI6InZ0c192b2RfdXJsZ2VuLjcyMC5zdG9yeS5kZWZhdWx0In0&_nc_ht=instagram.fmnl30-2.fna.fbcdn.net&_nc_cat=110&_nc_ohc=ERUAPXDhas8AX9n3rGP&edm=AHlfZHwBAAAA&vs=18038536015025470_1133873154&_nc_vs=HBksFQAYJEdOQkg4UUhxdE9yZ0hSOElBS0lnS3ZnZlhENVFidlE1QUFBRhUAAsgBABUAGCRHSTlUS3dOVnlTdW9HV0lCQUppZUdlWldzQllzYnBrd0FBQUYVAgLIAQAoABgAGwGIB3VzZV9vaWwBMRUAACbS5vGD5rS7PxUCKAJDMywXQBLBiTdLxqgYEmRhc2hfYmFzZWxpbmVfMV92MREAdegHAA%3D%3D&ccb=7-5&oe=630010E1&oh=00_AT-xdRQTHV4NAz04goWFjVXsx30YbIxtk4E2Bgwzc2rhmA&_nc_sid=21929d') on https://instagram.fmnl30-2.fna.fbcdn.net/v/t72.14836-16/32589776_2286013001676010_5782160263967547554_n.mp4?efg=eyJ2ZW5jb2RlX3RhZyI6InZ0c192b2RfdXJsZ2VuLjcyMC5zdG9yeS5kZWZhdWx0In0&_nc_ht=instagram.fmnl30-2.fna.fbcdn.net&_nc_cat=110&_nc_ohc=ERUAPXDhas8AX9n3rGP&edm=AHlfZHwBAAAA&vs=18038536015025470_1133873154&_nc_vs=HBksFQAYJEdOQkg4UUhxdE9yZ0hSOElBS0lnS3ZnZlhENVFidlE1QUFBRhUAAsgBABUAGCRHSTlUS3dOVnlTdW9HV0lCQUppZUdlWldzQllzYnBrd0FBQUYVAgLIAQAoABgAGwGIB3VzZV9vaWwBMRUAACbS5vGD5rS7PxUCKAJDMywXQBLBiTdLxqgYEmRhc2hfYmFzZWxpbmVfMV92MREAdegHAA%3D%3D&ccb=7-5&oe=630010E1&oh=00_AT-xdRQTHV4NAz04goWFjVXsx30YbIxtk4E2Bgwzc2rhmA&_nc_sid=21929d
2022-08-18 17:26:42,936 - instagram_scraper.app - WARNING - Retry after exception HTTPError('500 Server Error: Internal Server Error for url: https://instagram.fmnl30-3.fna.fbcdn.net/v/t72.14836-16/40718114_287891488504604_289392064374394965_n.mp4?efg=eyJ2ZW5jb2RlX3RhZyI6InZ0c192b2RfdXJsZ2VuLjY0MC5zdG9yeS5kZWZhdWx0In0&_nc_ht=instagram.fmnl30-3.fna.fbcdn.net&_nc_cat=108&_nc_ohc=57KK-k89ursAX9B3IhU&edm=AHlfZHwBAAAA&vs=17858144512332811_4249853729&_nc_vs=HBkcFQAYJEdDSlBiUUljX19mMTFRVUJBRlZRMnAyTUlBUUVidlE1QUFBRhUAAsgBACgAGAAbAYgHdXNlX29pbAExFQAAJorFvPWQ3do%2FFQIoAkMzLBdADMzMzMzMzRgUZGFzaF9iYXNlbGluZV82NDBfdjERAHXoBwA%3D&ccb=7-5&oe=63008739&oh=00_AT8Pnort9-pWsLm37-P3yQ1RwhNuHbZ9z7saAD2OusyFNw&_nc_sid=21929d') on https://instagram.fmnl30-3.fna.fbcdn.net/v/t72.14836-16/40718114_287891488504604_289392064374394965_n.mp4?efg=eyJ2ZW5jb2RlX3RhZyI6InZ0c192b2RfdXJsZ2VuLjY0MC5zdG9yeS5kZWZhdWx0In0&_nc_ht=instagram.fmnl30-3.fna.fbcdn.net&_nc_cat=108&_nc_ohc=57KK-k89ursAX9B3IhU&edm=AHlfZHwBAAAA&vs=17858144512332811_4249853729&_nc_vs=HBkcFQAYJEdDSlBiUUljX19mMTFRVUJBRlZRMnAyTUlBUUVidlE1QUFBRhUAAsgBACgAGAAbAYgHdXNlX29pbAExFQAAJorFvPWQ3do%2FFQIoAkMzLBdADMzMzMzMzRgUZGFzaF9iYXNlbGluZV82NDBfdjERAHXoBwA%3D&ccb=7-5&oe=63008739&oh=00_AT8Pnort9-pWsLm37-P3yQ1RwhNuHbZ9z7saAD2OusyFNw&_nc_sid=21929d
2022-08-18 17:26:49,956 - instagram_scraper.app - WARNING - Retry after exception HTTPError('400 Client Error: Bad Request for url: https://i.instagram.com/api/v1/media/1781873377925937363/info/') on https://i.instagram.com/api/v1/media/1781873377925937363/info/
2022-08-18 17:26:58,196 - instagram_scraper.app - WARNING - Retry after exception HTTPError('500 Server Error: Internal Server Error for url: https://instagram.fmnl30-3.fna.fbcdn.net/v/t72.14836-16/40679751_123815615444228_9064913479926200102_n.mp4?efg=eyJ2ZW5jb2RlX3RhZyI6InZ0c192b2RfdXJsZ2VuLjcyMC5zdG9yeS5kZWZhdWx0In0&_nc_ht=instagram.fmnl30-3.fna.fbcdn.net&_nc_cat=108&_nc_ohc=_cqf7bfFuAsAX8uBeyE&edm=AHlfZHwBAAAA&vs=18045415429068827_604188222&_nc_vs=HBksFQAYJEdFZTViQUlFdGNZUm5IQUFBQ2EzcGpMSUNzMTlidlE1QUFBRhUAAsgBABUAGCRHRVlnVkFNRTJUS2otbW9DQUd6dWIxdTFFZWhaYnBrd0FBQUYVAgLIAQAoABgAGwGIB3VzZV9vaWwBMRUAACbEqayowKTaPxUCKAJDMywXQAoUeuFHrhQYEmRhc2hfYmFzZWxpbmVfMV92MREAdegHAA%3D%3D&ccb=7-5&oe=63001341&oh=00_AT8hKIaULsV3x-F5xkvVeHxu5Ms70WRNacVV1xmSGLkHFg&_nc_sid=21929d') on https://instagram.fmnl30-3.fna.fbcdn.net/v/t72.14836-16/40679751_123815615444228_9064913479926200102_n.mp4?efg=eyJ2ZW5jb2RlX3RhZyI6InZ0c192b2RfdXJsZ2VuLjcyMC5zdG9yeS5kZWZhdWx0In0&_nc_ht=instagram.fmnl30-3.fna.fbcdn.net&_nc_cat=108&_nc_ohc=_cqf7bfFuAsAX8uBeyE&edm=AHlfZHwBAAAA&vs=18045415429068827_604188222&_nc_vs=HBksFQAYJEdFZTViQUlFdGNZUm5IQUFBQ2EzcGpMSUNzMTlidlE1QUFBRhUAAsgBABUAGCRHRVlnVkFNRTJUS2otbW9DQUd6dWIxdTFFZWhaYnBrd0FBQUYVAgLIAQAoABgAGwGIB3VzZV9vaWwBMRUAACbEqayowKTaPxUCKAJDMywXQAoUeuFHrhQYEmRhc2hfYmFzZWxpbmVfMV92MREAdegHAA%3D%3D&ccb=7-5&oe=63001341&oh=00_AT8hKIaULsV3x-F5xkvVeHxu5Ms70WRNacVV1xmSGLkHFg&_nc_sid=21929d
2022-08-18 17:26:58,326 - instagram_scraper.app - WARNING - Retry after exception HTTPError('500 Server Error: Internal Server Error for url: https://instagram.fmnl30-3.fna.fbcdn.net/v/t72.14836-16/39744665_389497871834720_2310938854711832269_n.mp4?efg=eyJ2ZW5jb2RlX3RhZyI6InZ0c192b2RfdXJsZ2VuLjcyMC5zdG9yeS5kZWZhdWx0In0&_nc_ht=instagram.fmnl30-3.fna.fbcdn.net&_nc_cat=108&_nc_ohc=vfkVTL74t_oAX8w9rh7&edm=AHlfZHwBAAAA&vs=18020074534116536_750134803&_nc_vs=HBksFQAYJEdKbDBYZ0pnbmtvS1AySUJBTTB1di15a0doSWdidlE1QUFBRhUAAsgBABUAGCRHSkc5SkFNSTVZNHlWVE1CQUY0OXdmMm1QM1l2YnBrd0FBQUYVAgLIAQAoABgAGwGIB3VzZV9vaWwBMRUAACbgsoH0uLuCQBUCKAJDMywXQCCeuFHrhR8YEmRhc2hfYmFzZWxpbmVfMV92MREAdegHAA%3D%3D&ccb=7-5&oe=63001478&oh=00_AT94csoD9sEkqeWkl1ES2WuoP7_ayCu34E6b6GtWWDHXsQ&_nc_sid=21929d') on https://instagram.fmnl30-3.fna.fbcdn.net/v/t72.14836-16/39744665_389497871834720_2310938854711832269_n.mp4?efg=eyJ2ZW5jb2RlX3RhZyI6InZ0c192b2RfdXJsZ2VuLjcyMC5zdG9yeS5kZWZhdWx0In0&_nc_ht=instagram.fmnl30-3.fna.fbcdn.net&_nc_cat=108&_nc_ohc=vfkVTL74t_oAX8w9rh7&edm=AHlfZHwBAAAA&vs=18020074534116536_750134803&_nc_vs=HBksFQAYJEdKbDBYZ0pnbmtvS1AySUJBTTB1di15a0doSWdidlE1QUFBRhUAAsgBABUAGCRHSkc5SkFNSTVZNHlWVE1CQUY0OXdmMm1QM1l2YnBrd0FBQUYVAgLIAQAoABgAGwGIB3VzZV9vaWwBMRUAACbgsoH0uLuCQBUCKAJDMywXQCCeuFHrhR8YEmRhc2hfYmFzZWxpbmVfMV92MREAdegHAA%3D%3D&ccb=7-5&oe=63001478&oh=00_AT94csoD9sEkqeWkl1ES2WuoP7_ayCu34E6b6GtWWDHXsQ&_nc_sid=21929d
2022-08-18 17:26:58,896 - instagram_scraper.app - WARNING - Retry after exception HTTPError('500 Server Error: Internal Server Error for url: https://instagram.fmnl30-1.fna.fbcdn.net/v/t72.14836-16/27485499_733674420322938_6195448160640841678_n.mp4?efg=eyJ2ZW5jb2RlX3RhZyI6InZ0c192b2RfdXJsZ2VuLjY0MC5zdG9yeS5kZWZhdWx0In0&_nc_ht=instagram.fmnl30-1.fna.fbcdn.net&_nc_cat=106&_nc_ohc=PJKKXH0kVl8AX8Athdh&edm=AHlfZHwBAAAA&vs=17888246524286640_648457991&_nc_vs=HBksFQAYJEdEdGxvd0Y2UWpUalJac0NBTTQzV1BkR3AtcFZidlE1QUFBRhUAAsgBABUAGCRHRk8tYkFKdDVxWjVUQ2dJQU1HcEdDaVJpQjRNYnZRNUFBQUYVAgLIAQAoABgAGwGIB3VzZV9vaWwBMRUAACbQnLLjjJbcPxUCKAJDMywXQBuuFHrhR64YFGRhc2hfYmFzZWxpbmVfNjQwX3YxEQB16AcA&ccb=7-5&oe=63000544&oh=00_AT8O11Lb9dy0pS5OzTixNss11dRHrQO07Jmh_vlPpJAzOw&_nc_sid=21929d') on https://instagram.fmnl30-1.fna.fbcdn.net/v/t72.14836-16/27485499_733674420322938_6195448160640841678_n.mp4?efg=eyJ2ZW5jb2RlX3RhZyI6InZ0c192b2RfdXJsZ2VuLjY0MC5zdG9yeS5kZWZhdWx0In0&_nc_ht=instagram.fmnl30-1.fna.fbcdn.net&_nc_cat=106&_nc_ohc=PJKKXH0kVl8AX8Athdh&edm=AHlfZHwBAAAA&vs=17888246524286640_648457991&_nc_vs=HBksFQAYJEdEdGxvd0Y2UWpUalJac0NBTTQzV1BkR3AtcFZidlE1QUFBRhUAAsgBABUAGCRHRk8tYkFKdDVxWjVUQ2dJQU1HcEdDaVJpQjRNYnZRNUFBQUYVAgLIAQAoABgAGwGIB3VzZV9vaWwBMRUAACbQnLLjjJbcPxUCKAJDMywXQBuuFHrhR64YFGRhc2hfYmFzZWxpbmVfNjQwX3YxEQB16AcA&ccb=7-5&oe=63000544&oh=00_AT8O11Lb9dy0pS5OzTixNss11dRHrQO07Jmh_vlPpJAzOw&_nc_sid=21929d
2022-08-18 17:27:04,485 - instagram_scraper.app - WARNING - Retry after exception HTTPError('500 Server Error: Internal Server Error for url: https://instagram.fmnl30-2.fna.fbcdn.net/v/t72.14836-16/32589776_2286013001676010_5782160263967547554_n.mp4?efg=eyJ2ZW5jb2RlX3RhZyI6InZ0c192b2RfdXJsZ2VuLjcyMC5zdG9yeS5kZWZhdWx0In0&_nc_ht=instagram.fmnl30-2.fna.fbcdn.net&_nc_cat=110&_nc_ohc=ERUAPXDhas8AX9n3rGP&edm=AHlfZHwBAAAA&vs=18038536015025470_1133873154&_nc_vs=HBksFQAYJEdOQkg4UUhxdE9yZ0hSOElBS0lnS3ZnZlhENVFidlE1QUFBRhUAAsgBABUAGCRHSTlUS3dOVnlTdW9HV0lCQUppZUdlWldzQllzYnBrd0FBQUYVAgLIAQAoABgAGwGIB3VzZV9vaWwBMRUAACbS5vGD5rS7PxUCKAJDMywXQBLBiTdLxqgYEmRhc2hfYmFzZWxpbmVfMV92MREAdegHAA%3D%3D&ccb=7-5&oe=630010E1&oh=00_AT-xdRQTHV4NAz04goWFjVXsx30YbIxtk4E2Bgwzc2rhmA&_nc_sid=21929d') on https://instagram.fmnl30-2.fna.fbcdn.net/v/t72.14836-16/32589776_2286013001676010_5782160263967547554_n.mp4?efg=eyJ2ZW5jb2RlX3RhZyI6InZ0c192b2RfdXJsZ2VuLjcyMC5zdG9yeS5kZWZhdWx0In0&_nc_ht=instagram.fmnl30-2.fna.fbcdn.net&_nc_cat=110&_nc_ohc=ERUAPXDhas8AX9n3rGP&edm=AHlfZHwBAAAA&vs=18038536015025470_1133873154&_nc_vs=HBksFQAYJEdOQkg4UUhxdE9yZ0hSOElBS0lnS3ZnZlhENVFidlE1QUFBRhUAAsgBABUAGCRHSTlUS3dOVnlTdW9HV0lCQUppZUdlWldzQllzYnBrd0FBQUYVAgLIAQAoABgAGwGIB3VzZV9vaWwBMRUAACbS5vGD5rS7PxUCKAJDMywXQBLBiTdLxqgYEmRhc2hfYmFzZWxpbmVfMV92MREAdegHAA%3D%3D&ccb=7-5&oe=630010E1&oh=00_AT-xdRQTHV4NAz04goWFjVXsx30YbIxtk4E2Bgwzc2rhmA&_nc_sid=21929d
2022-08-18 17:27:05,918 - instagram_scraper.app - WARNING - Retry after exception HTTPError('500 Server Error: Internal Server Error for url: https://instagram.fmnl30-3.fna.fbcdn.net/v/t72.14836-16/40718114_287891488504604_289392064374394965_n.mp4?efg=eyJ2ZW5jb2RlX3RhZyI6InZ0c192b2RfdXJsZ2VuLjY0MC5zdG9yeS5kZWZhdWx0In0&_nc_ht=instagram.fmnl30-3.fna.fbcdn.net&_nc_cat=108&_nc_ohc=57KK-k89ursAX9B3IhU&edm=AHlfZHwBAAAA&vs=17858144512332811_4249853729&_nc_vs=HBkcFQAYJEdDSlBiUUljX19mMTFRVUJBRlZRMnAyTUlBUUVidlE1QUFBRhUAAsgBACgAGAAbAYgHdXNlX29pbAExFQAAJorFvPWQ3do%2FFQIoAkMzLBdADMzMzMzMzRgUZGFzaF9iYXNlbGluZV82NDBfdjERAHXoBwA%3D&ccb=7-5&oe=63008739&oh=00_AT8Pnort9-pWsLm37-P3yQ1RwhNuHbZ9z7saAD2OusyFNw&_nc_sid=21929d') on https://instagram.fmnl30-3.fna.fbcdn.net/v/t72.14836-16/40718114_287891488504604_289392064374394965_n.mp4?efg=eyJ2ZW5jb2RlX3RhZyI6InZ0c192b2RfdXJsZ2VuLjY0MC5zdG9yeS5kZWZhdWx0In0&_nc_ht=instagram.fmnl30-3.fna.fbcdn.net&_nc_cat=108&_nc_ohc=57KK-k89ursAX9B3IhU&edm=AHlfZHwBAAAA&vs=17858144512332811_4249853729&_nc_vs=HBkcFQAYJEdDSlBiUUljX19mMTFRVUJBRlZRMnAyTUlBUUVidlE1QUFBRhUAAsgBACgAGAAbAYgHdXNlX29pbAExFQAAJorFvPWQ3do%2FFQIoAkMzLBdADMzMzMzMzRgUZGFzaF9iYXNlbGluZV82NDBfdjERAHXoBwA%3D&ccb=7-5&oe=63008739&oh=00_AT8Pnort9-pWsLm37-P3yQ1RwhNuHbZ9z7saAD2OusyFNw&_nc_sid=21929d
2022-08-18 17:27:47,526 - instagram_scraper.app - WARNING - Retry after exception HTTPError('500 Server Error: Internal Server Error for url: https://instagram.fmnl30-2.fna.fbcdn.net/v/t72.14836-16/32589776_2286013001676010_5782160263967547554_n.mp4?efg=eyJ2ZW5jb2RlX3RhZyI6InZ0c192b2RfdXJsZ2VuLjcyMC5zdG9yeS5kZWZhdWx0In0&_nc_ht=instagram.fmnl30-2.fna.fbcdn.net&_nc_cat=110&_nc_ohc=ERUAPXDhas8AX9n3rGP&edm=AHlfZHwBAAAA&vs=18038536015025470_1133873154&_nc_vs=HBksFQAYJEdOQkg4UUhxdE9yZ0hSOElBS0lnS3ZnZlhENVFidlE1QUFBRhUAAsgBABUAGCRHSTlUS3dOVnlTdW9HV0lCQUppZUdlWldzQllzYnBrd0FBQUYVAgLIAQAoABgAGwGIB3VzZV9vaWwBMRUAACbS5vGD5rS7PxUCKAJDMywXQBLBiTdLxqgYEmRhc2hfYmFzZWxpbmVfMV92MREAdegHAA%3D%3D&ccb=7-5&oe=630010E1&oh=00_AT-xdRQTHV4NAz04goWFjVXsx30YbIxtk4E2Bgwzc2rhmA&_nc_sid=21929d') on https://instagram.fmnl30-2.fna.fbcdn.net/v/t72.14836-16/32589776_2286013001676010_5782160263967547554_n.mp4?efg=eyJ2ZW5jb2RlX3RhZyI6InZ0c192b2RfdXJsZ2VuLjcyMC5zdG9yeS5kZWZhdWx0In0&_nc_ht=instagram.fmnl30-2.fna.fbcdn.net&_nc_cat=110&_nc_ohc=ERUAPXDhas8AX9n3rGP&edm=AHlfZHwBAAAA&vs=18038536015025470_1133873154&_nc_vs=HBksFQAYJEdOQkg4UUhxdE9yZ0hSOElBS0lnS3ZnZlhENVFidlE1QUFBRhUAAsgBABUAGCRHSTlUS3dOVnlTdW9HV0lCQUppZUdlWldzQllzYnBrd0FBQUYVAgLIAQAoABgAGwGIB3VzZV9vaWwBMRUAACbS5vGD5rS7PxUCKAJDMywXQBLBiTdLxqgYEmRhc2hfYmFzZWxpbmVfMV92MREAdegHAA%3D%3D&ccb=7-5&oe=630010E1&oh=00_AT-xdRQTHV4NAz04goWFjVXsx30YbIxtk4E2Bgwzc2rhmA&_nc_sid=21929d
2022-08-18 17:27:49,006 - instagram_scraper.app - WARNING - Retry after exception HTTPError('500 Server Error: Internal Server Error for url: https://instagram.fmnl30-3.fna.fbcdn.net/v/t72.14836-16/40718114_287891488504604_289392064374394965_n.mp4?efg=eyJ2ZW5jb2RlX3RhZyI6InZ0c192b2RfdXJsZ2VuLjY0MC5zdG9yeS5kZWZhdWx0In0&_nc_ht=instagram.fmnl30-3.fna.fbcdn.net&_nc_cat=108&_nc_ohc=57KK-k89ursAX9B3IhU&edm=AHlfZHwBAAAA&vs=17858144512332811_4249853729&_nc_vs=HBkcFQAYJEdDSlBiUUljX19mMTFRVUJBRlZRMnAyTUlBUUVidlE1QUFBRhUAAsgBACgAGAAbAYgHdXNlX29pbAExFQAAJorFvPWQ3do%2FFQIoAkMzLBdADMzMzMzMzRgUZGFzaF9iYXNlbGluZV82NDBfdjERAHXoBwA%3D&ccb=7-5&oe=63008739&oh=00_AT8Pnort9-pWsLm37-P3yQ1RwhNuHbZ9z7saAD2OusyFNw&_nc_sid=21929d') on https://instagram.fmnl30-3.fna.fbcdn.net/v/t72.14836-16/40718114_287891488504604_289392064374394965_n.mp4?efg=eyJ2ZW5jb2RlX3RhZyI6InZ0c192b2RfdXJsZ2VuLjY0MC5zdG9yeS5kZWZhdWx0In0&_nc_ht=instagram.fmnl30-3.fna.fbcdn.net&_nc_cat=108&_nc_ohc=57KK-k89ursAX9B3IhU&edm=AHlfZHwBAAAA&vs=17858144512332811_4249853729&_nc_vs=HBkcFQAYJEdDSlBiUUljX19mMTFRVUJBRlZRMnAyTUlBUUVidlE1QUFBRhUAAsgBACgAGAAbAYgHdXNlX29pbAExFQAAJorFvPWQ3do%2FFQIoAkMzLBdADMzMzMzMzRgUZGFzaF9iYXNlbGluZV82NDBfdjERAHXoBwA%3D&ccb=7-5&oe=63008739&oh=00_AT8Pnort9-pWsLm37-P3yQ1RwhNuHbZ9z7saAD2OusyFNw&_nc_sid=21929d
2022-08-18 17:28:30,326 - instagram_scraper.app - WARNING - Retry after exception HTTPError('403 Client Error: Forbidden for url: https://i.instagram.com/api/v1/media/1781873377925937363/info/') on https://i.instagram.com/api/v1/media/1781873377925937363/info/
2022-08-18 17:28:33,456 - instagram_scraper.app - INFO - The user has chosen to abort
2022-08-18 17:28:33,456 - instagram_scraper.app - DEBUG - Exception in worker thread
Traceback (most recent call last):
  File "C:\Users\Client\AppData\Local\Programs\Python\Python310\lib\site-packages\instagram_scraper\app.py", line 470, in worker_wrapper
    return fn(*args, **kwargs)
  File "C:\Users\Client\AppData\Local\Programs\Python\Python310\lib\site-packages\instagram_scraper\app.py", line 1092, in download
    response.raise_for_status()
  File "C:\Users\Client\AppData\Local\Programs\Python\Python310\lib\site-packages\requests\models.py", line 960, in raise_for_status
    raise HTTPError(http_error_msg, response=self)
requests.exceptions.HTTPError: 500 Server Error: Internal Server Error for url: https://instagram.fmnl30-3.fna.fbcdn.net/v/t72.14836-16/40679751_123815615444228_9064913479926200102_n.mp4?efg=eyJ2ZW5jb2RlX3RhZyI6InZ0c192b2RfdXJsZ2VuLjcyMC5zdG9yeS5kZWZhdWx0In0&_nc_ht=instagram.fmnl30-3.fna.fbcdn.net&_nc_cat=108&_nc_ohc=_cqf7bfFuAsAX8uBeyE&edm=AHlfZHwBAAAA&vs=18045415429068827_604188222&_nc_vs=HBksFQAYJEdFZTViQUlFdGNZUm5IQUFBQ2EzcGpMSUNzMTlidlE1QUFBRhUAAsgBABUAGCRHRVlnVkFNRTJUS2otbW9DQUd6dWIxdTFFZWhaYnBrd0FBQUYVAgLIAQAoABgAGwGIB3VzZV9vaWwBMRUAACbEqayowKTaPxUCKAJDMywXQAoUeuFHrhQYEmRhc2hfYmFzZWxpbmVfMV92MREAdegHAA%3D%3D&ccb=7-5&oe=63001341&oh=00_AT8hKIaULsV3x-F5xkvVeHxu5Ms70WRNacVV1xmSGLkHFg&_nc_sid=21929d
2022-08-18 17:28:33,910 - instagram_scraper.app - WARNING - No Content-Length in response, the file 49306498_612818462489610_3636993990645334534_n.jpg may be partially downloaded
2022-08-18 17:28:34,318 - instagram_scraper.app - WARNING - No Content-Length in response, the file 47690721_2284682965109249_1958919568852282962_n.jpg may be partially downloaded
2022-08-18 17:28:34,696 - instagram_scraper.app - WARNING - No Content-Length in response, the file 47694131_279544939421031_662319610688565266_n.jpg may be partially downloaded
2022-08-18 17:28:35,117 - instagram_scraper.app - WARNING - No Content-Length in response, the file 47581597_1580688068743757_6354043627801874421_n.jpg may be partially downloaded
2022-08-18 17:28:35,536 - instagram_scraper.app - WARNING - No Content-Length in response, the file 45736437_735778196796448_3511730006506807355_n.jpg may be partially downloaded
2022-08-18 17:28:35,915 - instagram_scraper.app - INFO - The user has chosen to abort
2022-08-18 17:28:35,916 - instagram_scraper.app - DEBUG - Exception in worker thread
Traceback (most recent call last):
  File "C:\Users\Client\AppData\Local\Programs\Python\Python310\lib\site-packages\instagram_scraper\app.py", line 470, in worker_wrapper
    return fn(*args, **kwargs)
  File "C:\Users\Client\AppData\Local\Programs\Python\Python310\lib\site-packages\instagram_scraper\app.py", line 1092, in download
    response.raise_for_status()
  File "C:\Users\Client\AppData\Local\Programs\Python\Python310\lib\site-packages\requests\models.py", line 960, in raise_for_status
    raise HTTPError(http_error_msg, response=self)
requests.exceptions.HTTPError: 500 Server Error: Internal Server Error for url: https://instagram.fmnl30-3.fna.fbcdn.net/v/t72.14836-16/39744665_389497871834720_2310938854711832269_n.mp4?efg=eyJ2ZW5jb2RlX3RhZyI6InZ0c192b2RfdXJsZ2VuLjcyMC5zdG9yeS5kZWZhdWx0In0&_nc_ht=instagram.fmnl30-3.fna.fbcdn.net&_nc_cat=108&_nc_ohc=vfkVTL74t_oAX8w9rh7&edm=AHlfZHwBAAAA&vs=18020074534116536_750134803&_nc_vs=HBksFQAYJEdKbDBYZ0pnbmtvS1AySUJBTTB1di15a0doSWdidlE1QUFBRhUAAsgBABUAGCRHSkc5SkFNSTVZNHlWVE1CQUY0OXdmMm1QM1l2YnBrd0FBQUYVAgLIAQAoABgAGwGIB3VzZV9vaWwBMRUAACbgsoH0uLuCQBUCKAJDMywXQCCeuFHrhR8YEmRhc2hfYmFzZWxpbmVfMV92MREAdegHAA%3D%3D&ccb=7-5&oe=63001478&oh=00_AT94csoD9sEkqeWkl1ES2WuoP7_ayCu34E6b6GtWWDHXsQ&_nc_sid=21929d
2022-08-18 17:28:35,936 - instagram_scraper.app - WARNING - No Content-Length in response, the file 46279061_380762669334852_5148470868859512640_n.jpg may be partially downloaded
2022-08-18 17:28:36,537 - instagram_scraper.app - WARNING - No Content-Length in response, the file 45284876_741764219517219_5512774075620357092_n.jpg may be partially downloaded
2022-08-18 17:28:36,676 - instagram_scraper.app - WARNING - No Content-Length in response, the file 45302940_2235156173466831_6741919421837551245_n.jpg may be partially downloaded
2022-08-18 17:28:36,906 - instagram_scraper.app - WARNING - No Content-Length in response, the file 43913777_251850665684990_4749245916116881449_n.jpg may be partially downloaded
2022-08-18 17:28:37,176 - instagram_scraper.app - INFO - The user has chosen to abort
2022-08-18 17:28:37,176 - instagram_scraper.app - DEBUG - Exception in worker thread
Traceback (most recent call last):
  File "C:\Users\Client\AppData\Local\Programs\Python\Python310\lib\site-packages\instagram_scraper\app.py", line 470, in worker_wrapper
    return fn(*args, **kwargs)
  File "C:\Users\Client\AppData\Local\Programs\Python\Python310\lib\site-packages\instagram_scraper\app.py", line 1092, in download
    response.raise_for_status()
  File "C:\Users\Client\AppData\Local\Programs\Python\Python310\lib\site-packages\requests\models.py", line 960, in raise_for_status
    raise HTTPError(http_error_msg, response=self)
requests.exceptions.HTTPError: 500 Server Error: Internal Server Error for url: https://instagram.fmnl30-1.fna.fbcdn.net/v/t72.14836-16/27485499_733674420322938_6195448160640841678_n.mp4?efg=eyJ2ZW5jb2RlX3RhZyI6InZ0c192b2RfdXJsZ2VuLjY0MC5zdG9yeS5kZWZhdWx0In0&_nc_ht=instagram.fmnl30-1.fna.fbcdn.net&_nc_cat=106&_nc_ohc=PJKKXH0kVl8AX8Athdh&edm=AHlfZHwBAAAA&vs=17888246524286640_648457991&_nc_vs=HBksFQAYJEdEdGxvd0Y2UWpUalJac0NBTTQzV1BkR3AtcFZidlE1QUFBRhUAAsgBABUAGCRHRk8tYkFKdDVxWjVUQ2dJQU1HcEdDaVJpQjRNYnZRNUFBQUYVAgLIAQAoABgAGwGIB3VzZV9vaWwBMRUAACbQnLLjjJbcPxUCKAJDMywXQBuuFHrhR64YFGRhc2hfYmFzZWxpbmVfNjQwX3YxEQB16AcA&ccb=7-5&oe=63000544&oh=00_AT8O11Lb9dy0pS5OzTixNss11dRHrQO07Jmh_vlPpJAzOw&_nc_sid=21929d
2022-08-18 17:28:37,306 - instagram_scraper.app - WARNING - No Content-Length in response, the file 44223119_348709599013514_7016355024743172680_n.jpg may be partially downloaded
2022-08-18 17:28:37,509 - instagram_scraper.app - WARNING - No Content-Length in response, the file 44412285_2053468978299446_6400348463887579820_n.jpg may be partially downloaded
2022-08-18 17:28:37,789 - instagram_scraper.app - WARNING - No Content-Length in response, the file 44849185_887696421429668_8874591643935968545_n.jpg may be partially downloaded
2022-08-18 17:28:38,912 - instagram_scraper.app - WARNING - No Content-Length in response, the file 30603413_368919733608374_2334057065992945664_n.jpg may be partially downloaded
2022-08-18 17:28:58,453 - instagram_scraper.app - WARNING - No Content-Length in response, the file 80518577_610704746411335_5951665742277708245_n.jpg may be partially downloaded
2022-08-18 17:29:00,043 - instagram_scraper.app - WARNING - No Content-Length in response, the file 79340494_558115764739936_9030013336972376165_n.jpg may be partially downloaded
2022-08-18 17:29:01,436 - instagram_scraper.app - WARNING - No Content-Length in response, the file 81846553_1224888374372010_6492785005604290318_n.jpg may be partially downloaded
2022-08-18 17:29:01,666 - instagram_scraper.app - WARNING - No Content-Length in response, the file 81720008_1644361059040122_2128130092162368686_n.jpg may be partially downloaded
2022-08-18 17:29:01,977 - instagram_scraper.app - WARNING - No Content-Length in response, the file 72226490_682611628932962_3153718927154644036_n.jpg may be partially downloaded
2022-08-18 17:29:02,367 - instagram_scraper.app - WARNING - No Content-Length in response, the file 72152302_162949738435516_4584076647350303000_n.jpg may be partially downloaded
2022-08-18 17:29:02,426 - instagram_scraper.app - WARNING - No Content-Length in response, the file 72987665_602091960545930_7445787073005255845_n.jpg may be partially downloaded
2022-08-18 17:29:02,730 - instagram_scraper.app - WARNING - No Content-Length in response, the file 75629067_429554217725638_4683769087986976905_n.jpg may be partially downloaded
2022-08-18 17:29:02,872 - instagram_scraper.app - WARNING - No Content-Length in response, the file 73117493_433401224008422_543590472678952685_n.jpg may be partially downloaded
2022-08-18 17:29:03,146 - instagram_scraper.app - WARNING - No Content-Length in response, the file 72336769_478769799426511_4300433569247738436_n.jpg may be partially downloaded
2022-08-18 17:29:03,969 - instagram_scraper.app - WARNING - No Content-Length in response, the file 72667048_455204252060999_6583799141543551734_n.jpg may be partially downloaded
2022-08-18 17:29:04,351 - instagram_scraper.app - WARNING - No Content-Length in response, the file 75564133_187403775752709_3174400143152288719_n.jpg may be partially downloaded
2022-08-18 17:29:04,922 - instagram_scraper.app - WARNING - No Content-Length in response, the file 72779362_376793076406797_2886279926265173905_n.jpg may be partially downloaded
2022-08-18 17:29:05,305 - instagram_scraper.app - WARNING - No Content-Length in response, the file 74337452_257484565210120_7245537519112476200_n.jpg may be partially downloaded
2022-08-18 17:29:06,150 - instagram_scraper.app - WARNING - No Content-Length in response, the file 66364041_468697983952713_3857275065410286924_n.jpg may be partially downloaded
2022-08-18 17:29:09,668 - instagram_scraper.app - WARNING - No Content-Length in response, the file 67143290_525061164901974_8355170249566990470_n.jpg may be partially downloaded
2022-08-18 17:29:10,545 - instagram_scraper.app - WARNING - No Content-Length in response, the file 66782141_101572621159678_5139354358733062108_n.jpg may be partially downloaded
2022-08-18 17:29:11,156 - instagram_scraper.app - WARNING - No Content-Length in response, the file 66713209_375457016494707_2794201806379508058_n.jpg may be partially downloaded
2022-08-18 17:29:11,536 - instagram_scraper.app - WARNING - No Content-Length in response, the file 61764775_122568958962417_2224945593324979103_n.jpg may be partially downloaded
2022-08-18 17:29:12,576 - instagram_scraper.app - WARNING - No Content-Length in response, the file 61546222_2445415815688619_5851984161182954414_n.jpg may be partially downloaded
2022-08-18 17:29:13,006 - instagram_scraper.app - WARNING - No Content-Length in response, the file 61613924_113720866551030_7731627689273522275_n.jpg may be partially downloaded
2022-08-18 17:29:17,136 - instagram_scraper.app - WARNING - No Content-Length in response, the file 181477683_752725998747199_1256745021423998226_n.jpg may be partially downloaded
2022-08-18 17:29:17,425 - instagram_scraper.app - WARNING - No Content-Length in response, the file 176260593_746122289404812_7167529769495211472_n.jpg may be partially downloaded
2022-08-18 17:29:18,296 - instagram_scraper.app - WARNING - No Content-Length in response, the file 120937133_2838522469806741_2630711461184499188_n.jpg may be partially downloaded
2022-08-18 17:29:21,033 - instagram_scraper.app - WARNING - No Content-Length in response, the file 84182031_959465841137022_2753799327172155879_n.jpg may be partially downloaded
2022-08-18 17:29:25,366 - instagram_scraper.app - WARNING - No Content-Length in response, the file 78942166_188132045649760_483520665868214918_n.jpg may be partially downloaded
2022-08-18 17:29:25,946 - instagram_scraper.app - WARNING - No Content-Length in response, the file 75588037_1728338823964627_8382443991035910237_n.jpg may be partially downloaded
2022-08-18 17:29:26,678 - instagram_scraper.app - WARNING - No Content-Length in response, the file 70049155_1303626753149434_5674187478284080113_n.jpg may be partially downloaded
2022-08-18 17:29:28,356 - instagram_scraper.app - WARNING - No Content-Length in response, the file 69235720_2173465836112252_7085205713289988505_n.jpg may be partially downloaded
2022-08-18 17:29:28,746 - instagram_scraper.app - WARNING - No Content-Length in response, the file 67521140_197612994566343_8090123084119448800_n.jpg may be partially downloaded
2022-08-18 17:29:30,166 - instagram_scraper.app - WARNING - No Content-Length in response, the file 67281390_423463428253630_8208194926686834771_n.jpg may be partially downloaded
2022-08-18 17:29:30,446 - instagram_scraper.app - WARNING - No Content-Length in response, the file 62242821_704832303282873_861572236167926220_n.jpg may be partially downloaded
2022-08-18 17:29:31,116 - instagram_scraper.app - WARNING - Retry after exception HTTPError('403 Client Error: Forbidden for url: https://i.instagram.com/api/v1/media/1781873377925937363/info/') on https://i.instagram.com/api/v1/media/1781873377925937363/info/
2022-08-18 17:29:34,476 - instagram_scraper.app - INFO - The user has chosen to abort
2022-08-18 17:29:34,476 - instagram_scraper.app - DEBUG - Exception in worker thread
Traceback (most recent call last):
  File "C:\Users\Client\AppData\Local\Programs\Python\Python310\lib\site-packages\instagram_scraper\app.py", line 470, in worker_wrapper
    return fn(*args, **kwargs)
  File "C:\Users\Client\AppData\Local\Programs\Python\Python310\lib\site-packages\instagram_scraper\app.py", line 1092, in download
    response.raise_for_status()
  File "C:\Users\Client\AppData\Local\Programs\Python\Python310\lib\site-packages\requests\models.py", line 960, in raise_for_status
    raise HTTPError(http_error_msg, response=self)
requests.exceptions.HTTPError: 500 Server Error: Internal Server Error for url: https://instagram.fmnl30-2.fna.fbcdn.net/v/t72.14836-16/32589776_2286013001676010_5782160263967547554_n.mp4?efg=eyJ2ZW5jb2RlX3RhZyI6InZ0c192b2RfdXJsZ2VuLjcyMC5zdG9yeS5kZWZhdWx0In0&_nc_ht=instagram.fmnl30-2.fna.fbcdn.net&_nc_cat=110&_nc_ohc=ERUAPXDhas8AX9n3rGP&edm=AHlfZHwBAAAA&vs=18038536015025470_1133873154&_nc_vs=HBksFQAYJEdOQkg4UUhxdE9yZ0hSOElBS0lnS3ZnZlhENVFidlE1QUFBRhUAAsgBABUAGCRHSTlUS3dOVnlTdW9HV0lCQUppZUdlWldzQllzYnBrd0FBQUYVAgLIAQAoABgAGwGIB3VzZV9vaWwBMRUAACbS5vGD5rS7PxUCKAJDMywXQBLBiTdLxqgYEmRhc2hfYmFzZWxpbmVfMV92MREAdegHAA%3D%3D&ccb=7-5&oe=630010E1&oh=00_AT-xdRQTHV4NAz04goWFjVXsx30YbIxtk4E2Bgwzc2rhmA&_nc_sid=21929d
2022-08-18 17:29:35,216 - instagram_scraper.app - INFO - The user has chosen to abort
2022-08-18 17:29:35,216 - instagram_scraper.app - DEBUG - Exception in worker thread
Traceback (most recent call last):
  File "C:\Users\Client\AppData\Local\Programs\Python\Python310\lib\site-packages\instagram_scraper\app.py", line 470, in worker_wrapper
    return fn(*args, **kwargs)
  File "C:\Users\Client\AppData\Local\Programs\Python\Python310\lib\site-packages\instagram_scraper\app.py", line 1092, in download
    response.raise_for_status()
  File "C:\Users\Client\AppData\Local\Programs\Python\Python310\lib\site-packages\requests\models.py", line 960, in raise_for_status
    raise HTTPError(http_error_msg, response=self)
requests.exceptions.HTTPError: 500 Server Error: Internal Server Error for url: https://instagram.fmnl30-3.fna.fbcdn.net/v/t72.14836-16/40718114_287891488504604_289392064374394965_n.mp4?efg=eyJ2ZW5jb2RlX3RhZyI6InZ0c192b2RfdXJsZ2VuLjY0MC5zdG9yeS5kZWZhdWx0In0&_nc_ht=instagram.fmnl30-3.fna.fbcdn.net&_nc_cat=108&_nc_ohc=57KK-k89ursAX9B3IhU&edm=AHlfZHwBAAAA&vs=17858144512332811_4249853729&_nc_vs=HBkcFQAYJEdDSlBiUUljX19mMTFRVUJBRlZRMnAyTUlBUUVidlE1QUFBRhUAAsgBACgAGAAbAYgHdXNlX29pbAExFQAAJorFvPWQ3do%2FFQIoAkMzLBdADMzMzMzMzRgUZGFzaF9iYXNlbGluZV82NDBfdjERAHXoBwA%3D&ccb=7-5&oe=63008739&oh=00_AT8Pnort9-pWsLm37-P3yQ1RwhNuHbZ9z7saAD2OusyFNw&_nc_sid=21929d
